2021-08-19 01:34:28,929 INFO o.h.v.i.u.Version [background-preinit] HV000001: Hibernate Validator 6.2.0.Final
2021-08-19 01:34:28,958 INFO o.s.b.StartupInfoLogger [restartedMain] Starting SafetynetalertsApplication using Java 15.0.2 on DESKTOP-VK58OBN with PID 520 (S:\Shinigames_i\Formation Java\OCP5NG\safetynetalerts\target\classes started by Shinigames_i in S:\Shinigames_i\Formation Java\OCP5NG\safetynetalerts)
2021-08-19 01:34:28,960 DEBUG o.s.b.StartupInfoLogger [restartedMain] Running with Spring Boot v2.5.2, Spring v5.3.8
2021-08-19 01:34:28,961 INFO o.s.b.SpringApplication [restartedMain] No active profile set, falling back to default profiles: default
2021-08-19 01:34:28,992 INFO o.s.b.l.DeferredLog [restartedMain] Devtools property defaults active! Set 'spring.devtools.add-properties' to 'false' to disable
2021-08-19 01:34:28,993 INFO o.s.b.l.DeferredLog [restartedMain] For additional web related logging consider setting the 'logging.level.web' property to 'DEBUG'
2021-08-19 01:34:29,905 INFO o.s.b.w.e.t.TomcatWebServer [restartedMain] Tomcat initialized with port(s): 8080 (http)
2021-08-19 01:34:29,922 INFO o.a.j.l.DirectJDKLog [restartedMain] Initializing ProtocolHandler ["http-nio-8080"]
2021-08-19 01:34:29,923 INFO o.a.j.l.DirectJDKLog [restartedMain] Starting service [Tomcat]
2021-08-19 01:34:29,923 INFO o.a.j.l.DirectJDKLog [restartedMain] Starting Servlet engine: [Apache Tomcat/9.0.48]
2021-08-19 01:34:29,986 INFO o.a.j.l.DirectJDKLog [restartedMain] Initializing Spring embedded WebApplicationContext
2021-08-19 01:34:29,986 INFO o.s.b.w.s.c.ServletWebServerApplicationContext [restartedMain] Root WebApplicationContext: initialization completed in 992 ms
2021-08-19 01:34:30,391 INFO o.s.b.d.a.OptionalLiveReloadServer [restartedMain] LiveReload server is running on port 35729
2021-08-19 01:34:30,397 INFO o.s.b.a.e.w.EndpointLinksResolver [restartedMain] Exposing 1 endpoint(s) beneath base path '/actuator'
2021-08-19 01:34:30,414 INFO o.a.j.l.DirectJDKLog [restartedMain] Starting ProtocolHandler ["http-nio-8080"]
2021-08-19 01:34:30,431 INFO o.s.b.w.e.t.TomcatWebServer [restartedMain] Tomcat started on port(s): 8080 (http) with context path ''
2021-08-19 01:34:30,441 INFO o.s.b.StartupInfoLogger [restartedMain] Started SafetynetalertsApplication in 1.743 seconds (JVM running for 2.453)
2021-08-19 01:34:37,071 INFO o.a.j.l.DirectJDKLog [http-nio-8080-exec-1] Initializing Spring DispatcherServlet 'dispatcherServlet'
2021-08-19 01:34:37,071 INFO o.s.w.s.FrameworkServlet [http-nio-8080-exec-1] Initializing Servlet 'dispatcherServlet'
2021-08-19 01:34:37,073 INFO o.s.w.s.FrameworkServlet [http-nio-8080-exec-1] Completed initialization in 2 ms
2021-08-19 01:34:37,078 TRACE c.n.s.f.LoggingFilter [http-nio-8080-exec-1] URL : http://localhost:8080/flood/stations, Method : GET
2021-08-19 01:34:37,131 TRACE c.n.s.f.LoggingFilter [http-nio-8080-exec-1] Status : 200
2021-08-19 01:36:33,293 INFO o.s.b.StartupInfoLogger [restartedMain] Starting SafetynetalertsApplication using Java 15.0.2 on DESKTOP-VK58OBN with PID 520 (S:\Shinigames_i\Formation Java\OCP5NG\safetynetalerts\target\classes started by Shinigames_i in S:\Shinigames_i\Formation Java\OCP5NG\safetynetalerts)
2021-08-19 01:36:33,294 DEBUG o.s.b.StartupInfoLogger [restartedMain] Running with Spring Boot v2.5.2, Spring v5.3.8
2021-08-19 01:36:33,294 INFO o.s.b.SpringApplication [restartedMain] No active profile set, falling back to default profiles: default
2021-08-19 01:36:33,528 INFO o.s.b.w.e.t.TomcatWebServer [restartedMain] Tomcat initialized with port(s): 8080 (http)
2021-08-19 01:36:33,529 INFO o.a.j.l.DirectJDKLog [restartedMain] Initializing ProtocolHandler ["http-nio-8080"]
2021-08-19 01:36:33,529 INFO o.a.j.l.DirectJDKLog [restartedMain] Starting service [Tomcat]
2021-08-19 01:36:33,530 INFO o.a.j.l.DirectJDKLog [restartedMain] Starting Servlet engine: [Apache Tomcat/9.0.48]
2021-08-19 01:36:33,541 INFO o.a.j.l.DirectJDKLog [restartedMain] Initializing Spring embedded WebApplicationContext
2021-08-19 01:36:33,542 INFO o.s.b.w.s.c.ServletWebServerApplicationContext [restartedMain] Root WebApplicationContext: initialization completed in 245 ms
2021-08-19 01:36:33,635 INFO o.s.b.d.a.OptionalLiveReloadServer [restartedMain] LiveReload server is running on port 35729
2021-08-19 01:36:33,638 INFO o.s.b.a.e.w.EndpointLinksResolver [restartedMain] Exposing 1 endpoint(s) beneath base path '/actuator'
2021-08-19 01:36:33,644 INFO o.a.j.l.DirectJDKLog [restartedMain] Starting ProtocolHandler ["http-nio-8080"]
2021-08-19 01:36:33,646 INFO o.s.b.w.e.t.TomcatWebServer [restartedMain] Tomcat started on port(s): 8080 (http) with context path ''
2021-08-19 01:36:33,650 INFO o.s.b.StartupInfoLogger [restartedMain] Started SafetynetalertsApplication in 0.393 seconds (JVM running for 125.662)
2021-08-19 01:36:33,661 INFO o.s.b.d.a.ConditionEvaluationDeltaLoggingListener [restartedMain] Condition evaluation unchanged
2021-08-19 01:36:40,233 INFO o.s.b.StartupInfoLogger [restartedMain] Starting SafetynetalertsApplication using Java 15.0.2 on DESKTOP-VK58OBN with PID 520 (S:\Shinigames_i\Formation Java\OCP5NG\safetynetalerts\target\classes started by Shinigames_i in S:\Shinigames_i\Formation Java\OCP5NG\safetynetalerts)
2021-08-19 01:36:40,234 DEBUG o.s.b.StartupInfoLogger [restartedMain] Running with Spring Boot v2.5.2, Spring v5.3.8
2021-08-19 01:36:40,234 INFO o.s.b.SpringApplication [restartedMain] No active profile set, falling back to default profiles: default
2021-08-19 01:36:40,455 INFO o.s.b.w.e.t.TomcatWebServer [restartedMain] Tomcat initialized with port(s): 8080 (http)
2021-08-19 01:36:40,456 INFO o.a.j.l.DirectJDKLog [restartedMain] Initializing ProtocolHandler ["http-nio-8080"]
2021-08-19 01:36:40,457 INFO o.a.j.l.DirectJDKLog [restartedMain] Starting service [Tomcat]
2021-08-19 01:36:40,457 INFO o.a.j.l.DirectJDKLog [restartedMain] Starting Servlet engine: [Apache Tomcat/9.0.48]
2021-08-19 01:36:40,476 INFO o.a.j.l.DirectJDKLog [restartedMain] Initializing Spring embedded WebApplicationContext
2021-08-19 01:36:40,476 INFO o.s.b.w.s.c.ServletWebServerApplicationContext [restartedMain] Root WebApplicationContext: initialization completed in 239 ms
2021-08-19 01:36:40,571 INFO o.s.b.d.a.OptionalLiveReloadServer [restartedMain] LiveReload server is running on port 35729
2021-08-19 01:36:40,573 INFO o.s.b.a.e.w.EndpointLinksResolver [restartedMain] Exposing 1 endpoint(s) beneath base path '/actuator'
2021-08-19 01:36:40,579 INFO o.a.j.l.DirectJDKLog [restartedMain] Starting ProtocolHandler ["http-nio-8080"]
2021-08-19 01:36:40,580 INFO o.s.b.w.e.t.TomcatWebServer [restartedMain] Tomcat started on port(s): 8080 (http) with context path ''
2021-08-19 01:36:40,585 INFO o.s.b.StartupInfoLogger [restartedMain] Started SafetynetalertsApplication in 0.386 seconds (JVM running for 132.597)
2021-08-19 01:36:40,594 INFO o.s.b.d.a.ConditionEvaluationDeltaLoggingListener [restartedMain] Condition evaluation unchanged
2021-08-19 01:36:41,282 INFO o.a.j.l.DirectJDKLog [http-nio-8080-exec-2] Initializing Spring DispatcherServlet 'dispatcherServlet'
2021-08-19 01:36:41,282 INFO o.s.w.s.FrameworkServlet [http-nio-8080-exec-2] Initializing Servlet 'dispatcherServlet'
2021-08-19 01:36:41,283 INFO o.s.w.s.FrameworkServlet [http-nio-8080-exec-2] Completed initialization in 1 ms
2021-08-19 01:36:41,283 TRACE c.n.s.f.LoggingFilter [http-nio-8080-exec-2] URL : http://localhost:8080/flood/stations, Method : GET
2021-08-19 01:36:41,290 TRACE c.n.s.f.LoggingFilter [http-nio-8080-exec-2] Status : 200
2021-08-19 01:36:59,312 TRACE c.n.s.f.LoggingFilter [http-nio-8080-exec-3] URL : http://localhost:8080/flood/stations, Method : GET
2021-08-19 01:36:59,316 TRACE c.n.s.f.LoggingFilter [http-nio-8080-exec-3] Status : 200
2021-08-19 01:37:37,222 INFO o.s.b.StartupInfoLogger [restartedMain] Starting SafetynetalertsApplication using Java 15.0.2 on DESKTOP-VK58OBN with PID 520 (S:\Shinigames_i\Formation Java\OCP5NG\safetynetalerts\target\classes started by Shinigames_i in S:\Shinigames_i\Formation Java\OCP5NG\safetynetalerts)
2021-08-19 01:37:37,223 DEBUG o.s.b.StartupInfoLogger [restartedMain] Running with Spring Boot v2.5.2, Spring v5.3.8
2021-08-19 01:37:37,223 INFO o.s.b.SpringApplication [restartedMain] No active profile set, falling back to default profiles: default
2021-08-19 01:37:37,399 INFO o.s.b.w.e.t.TomcatWebServer [restartedMain] Tomcat initialized with port(s): 8080 (http)
2021-08-19 01:37:37,399 INFO o.a.j.l.DirectJDKLog [restartedMain] Initializing ProtocolHandler ["http-nio-8080"]
2021-08-19 01:37:37,400 INFO o.a.j.l.DirectJDKLog [restartedMain] Starting service [Tomcat]
2021-08-19 01:37:37,400 INFO o.a.j.l.DirectJDKLog [restartedMain] Starting Servlet engine: [Apache Tomcat/9.0.48]
2021-08-19 01:37:37,413 INFO o.a.j.l.DirectJDKLog [restartedMain] Initializing Spring embedded WebApplicationContext
2021-08-19 01:37:37,413 INFO o.s.b.w.s.c.ServletWebServerApplicationContext [restartedMain] Root WebApplicationContext: initialization completed in 188 ms
2021-08-19 01:37:37,489 INFO o.s.b.d.a.OptionalLiveReloadServer [restartedMain] LiveReload server is running on port 35729
2021-08-19 01:37:37,491 INFO o.s.b.a.e.w.EndpointLinksResolver [restartedMain] Exposing 1 endpoint(s) beneath base path '/actuator'
2021-08-19 01:37:37,496 INFO o.a.j.l.DirectJDKLog [restartedMain] Starting ProtocolHandler ["http-nio-8080"]
2021-08-19 01:37:37,498 INFO o.s.b.w.e.t.TomcatWebServer [restartedMain] Tomcat started on port(s): 8080 (http) with context path ''
2021-08-19 01:37:37,502 INFO o.s.b.StartupInfoLogger [restartedMain] Started SafetynetalertsApplication in 0.307 seconds (JVM running for 189.514)
2021-08-19 01:37:37,511 INFO o.s.b.d.a.ConditionEvaluationDeltaLoggingListener [restartedMain] Condition evaluation unchanged
2021-08-19 01:37:50,221 INFO o.s.b.StartupInfoLogger [restartedMain] Starting SafetynetalertsApplication using Java 15.0.2 on DESKTOP-VK58OBN with PID 520 (S:\Shinigames_i\Formation Java\OCP5NG\safetynetalerts\target\classes started by Shinigames_i in S:\Shinigames_i\Formation Java\OCP5NG\safetynetalerts)
2021-08-19 01:37:50,221 DEBUG o.s.b.StartupInfoLogger [restartedMain] Running with Spring Boot v2.5.2, Spring v5.3.8
2021-08-19 01:37:50,221 INFO o.s.b.SpringApplication [restartedMain] No active profile set, falling back to default profiles: default
2021-08-19 01:37:50,377 INFO o.s.b.w.e.t.TomcatWebServer [restartedMain] Tomcat initialized with port(s): 8080 (http)
2021-08-19 01:37:50,378 INFO o.a.j.l.DirectJDKLog [restartedMain] Initializing ProtocolHandler ["http-nio-8080"]
2021-08-19 01:37:50,378 INFO o.a.j.l.DirectJDKLog [restartedMain] Starting service [Tomcat]
2021-08-19 01:37:50,378 INFO o.a.j.l.DirectJDKLog [restartedMain] Starting Servlet engine: [Apache Tomcat/9.0.48]
2021-08-19 01:37:50,391 INFO o.a.j.l.DirectJDKLog [restartedMain] Initializing Spring embedded WebApplicationContext
2021-08-19 01:37:50,391 INFO o.s.b.w.s.c.ServletWebServerApplicationContext [restartedMain] Root WebApplicationContext: initialization completed in 168 ms
2021-08-19 01:37:50,453 INFO o.s.b.d.a.OptionalLiveReloadServer [restartedMain] LiveReload server is running on port 35729
2021-08-19 01:37:50,455 INFO o.s.b.a.e.w.EndpointLinksResolver [restartedMain] Exposing 1 endpoint(s) beneath base path '/actuator'
2021-08-19 01:37:50,459 INFO o.a.j.l.DirectJDKLog [restartedMain] Starting ProtocolHandler ["http-nio-8080"]
2021-08-19 01:37:50,461 INFO o.s.b.w.e.t.TomcatWebServer [restartedMain] Tomcat started on port(s): 8080 (http) with context path ''
2021-08-19 01:37:50,464 INFO o.s.b.StartupInfoLogger [restartedMain] Started SafetynetalertsApplication in 0.268 seconds (JVM running for 202.477)
2021-08-19 01:37:50,472 INFO o.s.b.d.a.ConditionEvaluationDeltaLoggingListener [restartedMain] Condition evaluation unchanged
2021-08-19 01:39:04,320 INFO o.s.b.StartupInfoLogger [restartedMain] Starting SafetynetalertsApplication using Java 15.0.2 on DESKTOP-VK58OBN with PID 520 (S:\Shinigames_i\Formation Java\OCP5NG\safetynetalerts\target\classes started by Shinigames_i in S:\Shinigames_i\Formation Java\OCP5NG\safetynetalerts)
2021-08-19 01:39:04,321 DEBUG o.s.b.StartupInfoLogger [restartedMain] Running with Spring Boot v2.5.2, Spring v5.3.8
2021-08-19 01:39:04,321 INFO o.s.b.SpringApplication [restartedMain] No active profile set, falling back to default profiles: default
2021-08-19 01:39:04,476 INFO o.s.b.w.e.t.TomcatWebServer [restartedMain] Tomcat initialized with port(s): 8080 (http)
2021-08-19 01:39:04,477 INFO o.a.j.l.DirectJDKLog [restartedMain] Initializing ProtocolHandler ["http-nio-8080"]
2021-08-19 01:39:04,477 INFO o.a.j.l.DirectJDKLog [restartedMain] Starting service [Tomcat]
2021-08-19 01:39:04,477 INFO o.a.j.l.DirectJDKLog [restartedMain] Starting Servlet engine: [Apache Tomcat/9.0.48]
2021-08-19 01:39:04,493 INFO o.a.j.l.DirectJDKLog [restartedMain] Initializing Spring embedded WebApplicationContext
2021-08-19 01:39:04,494 INFO o.s.b.w.s.c.ServletWebServerApplicationContext [restartedMain] Root WebApplicationContext: initialization completed in 170 ms
2021-08-19 01:39:04,555 INFO o.s.b.d.a.OptionalLiveReloadServer [restartedMain] LiveReload server is running on port 35729
2021-08-19 01:39:04,557 INFO o.s.b.a.e.w.EndpointLinksResolver [restartedMain] Exposing 1 endpoint(s) beneath base path '/actuator'
2021-08-19 01:39:04,560 INFO o.a.j.l.DirectJDKLog [restartedMain] Starting ProtocolHandler ["http-nio-8080"]
2021-08-19 01:39:04,562 INFO o.s.b.w.e.t.TomcatWebServer [restartedMain] Tomcat started on port(s): 8080 (http) with context path ''
2021-08-19 01:39:04,565 INFO o.s.b.StartupInfoLogger [restartedMain] Started SafetynetalertsApplication in 0.268 seconds (JVM running for 276.577)
2021-08-19 01:39:04,574 INFO o.s.b.d.a.ConditionEvaluationDeltaLoggingListener [restartedMain] Condition evaluation unchanged
2021-08-19 01:39:49,953 INFO o.s.b.StartupInfoLogger [restartedMain] Starting SafetynetalertsApplication using Java 15.0.2 on DESKTOP-VK58OBN with PID 520 (S:\Shinigames_i\Formation Java\OCP5NG\safetynetalerts\target\classes started by Shinigames_i in S:\Shinigames_i\Formation Java\OCP5NG\safetynetalerts)
2021-08-19 01:39:49,953 DEBUG o.s.b.StartupInfoLogger [restartedMain] Running with Spring Boot v2.5.2, Spring v5.3.8
2021-08-19 01:39:49,954 INFO o.s.b.SpringApplication [restartedMain] No active profile set, falling back to default profiles: default
2021-08-19 01:39:50,104 INFO o.s.b.w.e.t.TomcatWebServer [restartedMain] Tomcat initialized with port(s): 8080 (http)
2021-08-19 01:39:50,104 INFO o.a.j.l.DirectJDKLog [restartedMain] Initializing ProtocolHandler ["http-nio-8080"]
2021-08-19 01:39:50,105 INFO o.a.j.l.DirectJDKLog [restartedMain] Starting service [Tomcat]
2021-08-19 01:39:50,105 INFO o.a.j.l.DirectJDKLog [restartedMain] Starting Servlet engine: [Apache Tomcat/9.0.48]
2021-08-19 01:39:50,115 INFO o.a.j.l.DirectJDKLog [restartedMain] Initializing Spring embedded WebApplicationContext
2021-08-19 01:39:50,115 INFO o.s.b.w.s.c.ServletWebServerApplicationContext [restartedMain] Root WebApplicationContext: initialization completed in 160 ms
2021-08-19 01:39:50,175 INFO o.s.b.d.a.OptionalLiveReloadServer [restartedMain] LiveReload server is running on port 35729
2021-08-19 01:39:50,176 INFO o.s.b.a.e.w.EndpointLinksResolver [restartedMain] Exposing 1 endpoint(s) beneath base path '/actuator'
2021-08-19 01:39:50,179 INFO o.a.j.l.DirectJDKLog [restartedMain] Starting ProtocolHandler ["http-nio-8080"]
2021-08-19 01:39:50,182 INFO o.s.b.w.e.t.TomcatWebServer [restartedMain] Tomcat started on port(s): 8080 (http) with context path ''
2021-08-19 01:39:50,184 INFO o.s.b.StartupInfoLogger [restartedMain] Started SafetynetalertsApplication in 0.254 seconds (JVM running for 322.197)
2021-08-19 01:39:50,191 INFO o.s.b.d.a.ConditionEvaluationDeltaLoggingListener [restartedMain] Condition evaluation unchanged
2021-08-19 01:39:53,901 INFO o.a.j.l.DirectJDKLog [http-nio-8080-exec-2] Initializing Spring DispatcherServlet 'dispatcherServlet'
2021-08-19 01:39:53,901 INFO o.s.w.s.FrameworkServlet [http-nio-8080-exec-2] Initializing Servlet 'dispatcherServlet'
2021-08-19 01:39:53,901 INFO o.s.w.s.FrameworkServlet [http-nio-8080-exec-2] Completed initialization in 0 ms
2021-08-19 01:39:53,902 TRACE c.n.s.f.LoggingFilter [http-nio-8080-exec-2] URL : http://localhost:8080/flood/stations, Method : GET
2021-08-19 01:39:53,908 TRACE c.n.s.f.LoggingFilter [http-nio-8080-exec-2] Status : 200
2021-08-19 01:44:40,609 INFO o.s.b.StartupInfoLogger [restartedMain] Starting SafetynetalertsApplication using Java 15.0.2 on DESKTOP-VK58OBN with PID 520 (S:\Shinigames_i\Formation Java\OCP5NG\safetynetalerts\target\classes started by Shinigames_i in S:\Shinigames_i\Formation Java\OCP5NG\safetynetalerts)
2021-08-19 01:44:40,609 DEBUG o.s.b.StartupInfoLogger [restartedMain] Running with Spring Boot v2.5.2, Spring v5.3.8
2021-08-19 01:44:40,610 INFO o.s.b.SpringApplication [restartedMain] No active profile set, falling back to default profiles: default
2021-08-19 01:44:40,750 INFO o.s.b.w.e.t.TomcatWebServer [restartedMain] Tomcat initialized with port(s): 8080 (http)
2021-08-19 01:44:40,751 INFO o.a.j.l.DirectJDKLog [restartedMain] Initializing ProtocolHandler ["http-nio-8080"]
2021-08-19 01:44:40,751 INFO o.a.j.l.DirectJDKLog [restartedMain] Starting service [Tomcat]
2021-08-19 01:44:40,751 INFO o.a.j.l.DirectJDKLog [restartedMain] Starting Servlet engine: [Apache Tomcat/9.0.48]
2021-08-19 01:44:40,761 INFO o.a.j.l.DirectJDKLog [restartedMain] Initializing Spring embedded WebApplicationContext
2021-08-19 01:44:40,761 INFO o.s.b.w.s.c.ServletWebServerApplicationContext [restartedMain] Root WebApplicationContext: initialization completed in 150 ms
2021-08-19 01:44:40,817 INFO o.s.b.d.a.OptionalLiveReloadServer [restartedMain] LiveReload server is running on port 35729
2021-08-19 01:44:40,819 INFO o.s.b.a.e.w.EndpointLinksResolver [restartedMain] Exposing 1 endpoint(s) beneath base path '/actuator'
2021-08-19 01:44:40,822 INFO o.a.j.l.DirectJDKLog [restartedMain] Starting ProtocolHandler ["http-nio-8080"]
2021-08-19 01:44:40,825 INFO o.s.b.w.e.t.TomcatWebServer [restartedMain] Tomcat started on port(s): 8080 (http) with context path ''
2021-08-19 01:44:40,829 INFO o.s.b.StartupInfoLogger [restartedMain] Started SafetynetalertsApplication in 0.241 seconds (JVM running for 612.841)
2021-08-19 01:44:40,835 INFO o.s.b.d.a.ConditionEvaluationDeltaLoggingListener [restartedMain] Condition evaluation unchanged
2021-08-19 01:47:08,185 INFO o.s.b.StartupInfoLogger [restartedMain] Starting SafetynetalertsApplication using Java 15.0.2 on DESKTOP-VK58OBN with PID 520 (S:\Shinigames_i\Formation Java\OCP5NG\safetynetalerts\target\classes started by Shinigames_i in S:\Shinigames_i\Formation Java\OCP5NG\safetynetalerts)
2021-08-19 01:47:08,186 DEBUG o.s.b.StartupInfoLogger [restartedMain] Running with Spring Boot v2.5.2, Spring v5.3.8
2021-08-19 01:47:08,186 INFO o.s.b.SpringApplication [restartedMain] No active profile set, falling back to default profiles: default
2021-08-19 01:47:08,320 INFO o.s.b.w.e.t.TomcatWebServer [restartedMain] Tomcat initialized with port(s): 8080 (http)
2021-08-19 01:47:08,321 INFO o.a.j.l.DirectJDKLog [restartedMain] Initializing ProtocolHandler ["http-nio-8080"]
2021-08-19 01:47:08,321 INFO o.a.j.l.DirectJDKLog [restartedMain] Starting service [Tomcat]
2021-08-19 01:47:08,321 INFO o.a.j.l.DirectJDKLog [restartedMain] Starting Servlet engine: [Apache Tomcat/9.0.48]
2021-08-19 01:47:08,334 INFO o.a.j.l.DirectJDKLog [restartedMain] Initializing Spring embedded WebApplicationContext
2021-08-19 01:47:08,334 INFO o.s.b.w.s.c.ServletWebServerApplicationContext [restartedMain] Root WebApplicationContext: initialization completed in 147 ms
2021-08-19 01:47:08,394 INFO o.s.b.d.a.OptionalLiveReloadServer [restartedMain] LiveReload server is running on port 35729
2021-08-19 01:47:08,396 INFO o.s.b.a.e.w.EndpointLinksResolver [restartedMain] Exposing 1 endpoint(s) beneath base path '/actuator'
2021-08-19 01:47:08,398 INFO o.a.j.l.DirectJDKLog [restartedMain] Starting ProtocolHandler ["http-nio-8080"]
2021-08-19 01:47:08,401 INFO o.s.b.w.e.t.TomcatWebServer [restartedMain] Tomcat started on port(s): 8080 (http) with context path ''
2021-08-19 01:47:08,403 INFO o.s.b.StartupInfoLogger [restartedMain] Started SafetynetalertsApplication in 0.24 seconds (JVM running for 760.416)
2021-08-19 01:47:08,410 INFO o.s.b.d.a.ConditionEvaluationDeltaLoggingListener [restartedMain] Condition evaluation unchanged
2021-08-19 01:47:52,775 INFO o.s.b.StartupInfoLogger [restartedMain] Starting SafetynetalertsApplication using Java 15.0.2 on DESKTOP-VK58OBN with PID 520 (S:\Shinigames_i\Formation Java\OCP5NG\safetynetalerts\target\classes started by Shinigames_i in S:\Shinigames_i\Formation Java\OCP5NG\safetynetalerts)
2021-08-19 01:47:52,776 DEBUG o.s.b.StartupInfoLogger [restartedMain] Running with Spring Boot v2.5.2, Spring v5.3.8
2021-08-19 01:47:52,776 INFO o.s.b.SpringApplication [restartedMain] No active profile set, falling back to default profiles: default
2021-08-19 01:47:52,917 INFO o.s.b.w.e.t.TomcatWebServer [restartedMain] Tomcat initialized with port(s): 8080 (http)
2021-08-19 01:47:52,917 INFO o.a.j.l.DirectJDKLog [restartedMain] Initializing ProtocolHandler ["http-nio-8080"]
2021-08-19 01:47:52,918 INFO o.a.j.l.DirectJDKLog [restartedMain] Starting service [Tomcat]
2021-08-19 01:47:52,918 INFO o.a.j.l.DirectJDKLog [restartedMain] Starting Servlet engine: [Apache Tomcat/9.0.48]
2021-08-19 01:47:52,929 INFO o.a.j.l.DirectJDKLog [restartedMain] Initializing Spring embedded WebApplicationContext
2021-08-19 01:47:52,929 INFO o.s.b.w.s.c.ServletWebServerApplicationContext [restartedMain] Root WebApplicationContext: initialization completed in 152 ms
2021-08-19 01:47:52,983 INFO o.s.b.d.a.OptionalLiveReloadServer [restartedMain] LiveReload server is running on port 35729
2021-08-19 01:47:52,984 INFO o.s.b.a.e.w.EndpointLinksResolver [restartedMain] Exposing 1 endpoint(s) beneath base path '/actuator'
2021-08-19 01:47:52,987 INFO o.a.j.l.DirectJDKLog [restartedMain] Starting ProtocolHandler ["http-nio-8080"]
2021-08-19 01:47:52,991 INFO o.s.b.w.e.t.TomcatWebServer [restartedMain] Tomcat started on port(s): 8080 (http) with context path ''
2021-08-19 01:47:52,993 INFO o.s.b.StartupInfoLogger [restartedMain] Started SafetynetalertsApplication in 0.24 seconds (JVM running for 805.006)
2021-08-19 01:47:53,000 INFO o.s.b.d.a.ConditionEvaluationDeltaLoggingListener [restartedMain] Condition evaluation unchanged
2021-08-19 01:48:18,992 INFO o.s.b.StartupInfoLogger [restartedMain] Starting SafetynetalertsApplication using Java 15.0.2 on DESKTOP-VK58OBN with PID 520 (S:\Shinigames_i\Formation Java\OCP5NG\safetynetalerts\target\classes started by Shinigames_i in S:\Shinigames_i\Formation Java\OCP5NG\safetynetalerts)
2021-08-19 01:48:18,992 DEBUG o.s.b.StartupInfoLogger [restartedMain] Running with Spring Boot v2.5.2, Spring v5.3.8
2021-08-19 01:48:18,993 INFO o.s.b.SpringApplication [restartedMain] No active profile set, falling back to default profiles: default
2021-08-19 01:48:19,133 INFO o.s.b.w.e.t.TomcatWebServer [restartedMain] Tomcat initialized with port(s): 8080 (http)
2021-08-19 01:48:19,134 INFO o.a.j.l.DirectJDKLog [restartedMain] Initializing ProtocolHandler ["http-nio-8080"]
2021-08-19 01:48:19,134 INFO o.a.j.l.DirectJDKLog [restartedMain] Starting service [Tomcat]
2021-08-19 01:48:19,134 INFO o.a.j.l.DirectJDKLog [restartedMain] Starting Servlet engine: [Apache Tomcat/9.0.48]
2021-08-19 01:48:19,145 INFO o.a.j.l.DirectJDKLog [restartedMain] Initializing Spring embedded WebApplicationContext
2021-08-19 01:48:19,145 INFO o.s.b.w.s.c.ServletWebServerApplicationContext [restartedMain] Root WebApplicationContext: initialization completed in 151 ms
2021-08-19 01:48:19,201 INFO o.s.b.d.a.OptionalLiveReloadServer [restartedMain] LiveReload server is running on port 35729
2021-08-19 01:48:19,202 INFO o.s.b.a.e.w.EndpointLinksResolver [restartedMain] Exposing 1 endpoint(s) beneath base path '/actuator'
2021-08-19 01:48:19,205 INFO o.a.j.l.DirectJDKLog [restartedMain] Starting ProtocolHandler ["http-nio-8080"]
2021-08-19 01:48:19,207 INFO o.s.b.w.e.t.TomcatWebServer [restartedMain] Tomcat started on port(s): 8080 (http) with context path ''
2021-08-19 01:48:19,210 INFO o.s.b.StartupInfoLogger [restartedMain] Started SafetynetalertsApplication in 0.235 seconds (JVM running for 831.222)
2021-08-19 01:48:19,216 INFO o.s.b.d.a.ConditionEvaluationDeltaLoggingListener [restartedMain] Condition evaluation unchanged
2021-08-19 01:49:20,856 INFO o.s.b.StartupInfoLogger [restartedMain] Starting SafetynetalertsApplication using Java 15.0.2 on DESKTOP-VK58OBN with PID 520 (S:\Shinigames_i\Formation Java\OCP5NG\safetynetalerts\target\classes started by Shinigames_i in S:\Shinigames_i\Formation Java\OCP5NG\safetynetalerts)
2021-08-19 01:49:20,856 DEBUG o.s.b.StartupInfoLogger [restartedMain] Running with Spring Boot v2.5.2, Spring v5.3.8
2021-08-19 01:49:20,856 INFO o.s.b.SpringApplication [restartedMain] No active profile set, falling back to default profiles: default
2021-08-19 01:49:20,984 INFO o.s.b.w.e.t.TomcatWebServer [restartedMain] Tomcat initialized with port(s): 8080 (http)
2021-08-19 01:49:20,985 INFO o.a.j.l.DirectJDKLog [restartedMain] Initializing ProtocolHandler ["http-nio-8080"]
2021-08-19 01:49:20,985 INFO o.a.j.l.DirectJDKLog [restartedMain] Starting service [Tomcat]
2021-08-19 01:49:20,985 INFO o.a.j.l.DirectJDKLog [restartedMain] Starting Servlet engine: [Apache Tomcat/9.0.48]
2021-08-19 01:49:20,999 INFO o.a.j.l.DirectJDKLog [restartedMain] Initializing Spring embedded WebApplicationContext
2021-08-19 01:49:20,999 INFO o.s.b.w.s.c.ServletWebServerApplicationContext [restartedMain] Root WebApplicationContext: initialization completed in 142 ms
2021-08-19 01:49:21,048 INFO o.s.b.d.a.OptionalLiveReloadServer [restartedMain] LiveReload server is running on port 35729
2021-08-19 01:49:21,049 INFO o.s.b.a.e.w.EndpointLinksResolver [restartedMain] Exposing 1 endpoint(s) beneath base path '/actuator'
2021-08-19 01:49:21,053 INFO o.a.j.l.DirectJDKLog [restartedMain] Starting ProtocolHandler ["http-nio-8080"]
2021-08-19 01:49:21,055 INFO o.s.b.w.e.t.TomcatWebServer [restartedMain] Tomcat started on port(s): 8080 (http) with context path ''
2021-08-19 01:49:21,058 INFO o.s.b.StartupInfoLogger [restartedMain] Started SafetynetalertsApplication in 0.218 seconds (JVM running for 893.069)
2021-08-19 01:49:21,064 INFO o.s.b.d.a.ConditionEvaluationDeltaLoggingListener [restartedMain] Condition evaluation unchanged
2021-08-19 01:49:59,303 INFO o.s.b.StartupInfoLogger [restartedMain] Starting SafetynetalertsApplication using Java 15.0.2 on DESKTOP-VK58OBN with PID 520 (S:\Shinigames_i\Formation Java\OCP5NG\safetynetalerts\target\classes started by Shinigames_i in S:\Shinigames_i\Formation Java\OCP5NG\safetynetalerts)
2021-08-19 01:49:59,305 DEBUG o.s.b.StartupInfoLogger [restartedMain] Running with Spring Boot v2.5.2, Spring v5.3.8
2021-08-19 01:49:59,305 INFO o.s.b.SpringApplication [restartedMain] No active profile set, falling back to default profiles: default
2021-08-19 01:49:59,425 INFO o.s.b.w.e.t.TomcatWebServer [restartedMain] Tomcat initialized with port(s): 8080 (http)
2021-08-19 01:49:59,425 INFO o.a.j.l.DirectJDKLog [restartedMain] Initializing ProtocolHandler ["http-nio-8080"]
2021-08-19 01:49:59,426 INFO o.a.j.l.DirectJDKLog [restartedMain] Starting service [Tomcat]
2021-08-19 01:49:59,426 INFO o.a.j.l.DirectJDKLog [restartedMain] Starting Servlet engine: [Apache Tomcat/9.0.48]
2021-08-19 01:49:59,438 INFO o.a.j.l.DirectJDKLog [restartedMain] Initializing Spring embedded WebApplicationContext
2021-08-19 01:49:59,439 INFO o.s.b.w.s.c.ServletWebServerApplicationContext [restartedMain] Root WebApplicationContext: initialization completed in 134 ms
2021-08-19 01:49:59,490 INFO o.s.b.d.a.OptionalLiveReloadServer [restartedMain] LiveReload server is running on port 35729
2021-08-19 01:49:59,492 INFO o.s.b.a.e.w.EndpointLinksResolver [restartedMain] Exposing 1 endpoint(s) beneath base path '/actuator'
2021-08-19 01:49:59,495 INFO o.a.j.l.DirectJDKLog [restartedMain] Starting ProtocolHandler ["http-nio-8080"]
2021-08-19 01:49:59,497 INFO o.s.b.w.e.t.TomcatWebServer [restartedMain] Tomcat started on port(s): 8080 (http) with context path ''
2021-08-19 01:49:59,499 INFO o.s.b.StartupInfoLogger [restartedMain] Started SafetynetalertsApplication in 0.211 seconds (JVM running for 931.511)
2021-08-19 01:49:59,505 INFO o.s.b.d.a.ConditionEvaluationDeltaLoggingListener [restartedMain] Condition evaluation unchanged
2021-08-19 01:51:00,155 INFO o.s.b.StartupInfoLogger [restartedMain] Starting SafetynetalertsApplication using Java 15.0.2 on DESKTOP-VK58OBN with PID 520 (S:\Shinigames_i\Formation Java\OCP5NG\safetynetalerts\target\classes started by Shinigames_i in S:\Shinigames_i\Formation Java\OCP5NG\safetynetalerts)
2021-08-19 01:51:00,155 DEBUG o.s.b.StartupInfoLogger [restartedMain] Running with Spring Boot v2.5.2, Spring v5.3.8
2021-08-19 01:51:00,155 INFO o.s.b.SpringApplication [restartedMain] No active profile set, falling back to default profiles: default
2021-08-19 01:51:00,282 INFO o.s.b.w.e.t.TomcatWebServer [restartedMain] Tomcat initialized with port(s): 8080 (http)
2021-08-19 01:51:00,282 INFO o.a.j.l.DirectJDKLog [restartedMain] Initializing ProtocolHandler ["http-nio-8080"]
2021-08-19 01:51:00,282 INFO o.a.j.l.DirectJDKLog [restartedMain] Starting service [Tomcat]
2021-08-19 01:51:00,283 INFO o.a.j.l.DirectJDKLog [restartedMain] Starting Servlet engine: [Apache Tomcat/9.0.48]
2021-08-19 01:51:00,297 INFO o.a.j.l.DirectJDKLog [restartedMain] Initializing Spring embedded WebApplicationContext
2021-08-19 01:51:00,297 INFO o.s.b.w.s.c.ServletWebServerApplicationContext [restartedMain] Root WebApplicationContext: initialization completed in 141 ms
2021-08-19 01:51:00,361 INFO o.s.b.d.a.OptionalLiveReloadServer [restartedMain] LiveReload server is running on port 35729
2021-08-19 01:51:00,363 INFO o.s.b.a.e.w.EndpointLinksResolver [restartedMain] Exposing 1 endpoint(s) beneath base path '/actuator'
2021-08-19 01:51:00,366 INFO o.a.j.l.DirectJDKLog [restartedMain] Starting ProtocolHandler ["http-nio-8080"]
2021-08-19 01:51:00,368 INFO o.s.b.w.e.t.TomcatWebServer [restartedMain] Tomcat started on port(s): 8080 (http) with context path ''
2021-08-19 01:51:00,371 INFO o.s.b.StartupInfoLogger [restartedMain] Started SafetynetalertsApplication in 0.233 seconds (JVM running for 992.383)
2021-08-19 01:51:00,377 INFO o.s.b.d.a.ConditionEvaluationDeltaLoggingListener [restartedMain] Condition evaluation unchanged
2021-08-19 01:51:47,782 INFO o.s.b.StartupInfoLogger [restartedMain] Starting SafetynetalertsApplication using Java 15.0.2 on DESKTOP-VK58OBN with PID 520 (S:\Shinigames_i\Formation Java\OCP5NG\safetynetalerts\target\classes started by Shinigames_i in S:\Shinigames_i\Formation Java\OCP5NG\safetynetalerts)
2021-08-19 01:51:47,782 DEBUG o.s.b.StartupInfoLogger [restartedMain] Running with Spring Boot v2.5.2, Spring v5.3.8
2021-08-19 01:51:47,782 INFO o.s.b.SpringApplication [restartedMain] No active profile set, falling back to default profiles: default
2021-08-19 01:51:47,909 INFO o.s.b.w.e.t.TomcatWebServer [restartedMain] Tomcat initialized with port(s): 8080 (http)
2021-08-19 01:51:47,909 INFO o.a.j.l.DirectJDKLog [restartedMain] Initializing ProtocolHandler ["http-nio-8080"]
2021-08-19 01:51:47,909 INFO o.a.j.l.DirectJDKLog [restartedMain] Starting service [Tomcat]
2021-08-19 01:51:47,910 INFO o.a.j.l.DirectJDKLog [restartedMain] Starting Servlet engine: [Apache Tomcat/9.0.48]
2021-08-19 01:51:47,923 INFO o.a.j.l.DirectJDKLog [restartedMain] Initializing Spring embedded WebApplicationContext
2021-08-19 01:51:47,923 INFO o.s.b.w.s.c.ServletWebServerApplicationContext [restartedMain] Root WebApplicationContext: initialization completed in 140 ms
2021-08-19 01:51:47,982 INFO o.s.b.d.a.OptionalLiveReloadServer [restartedMain] LiveReload server is running on port 35729
2021-08-19 01:51:47,983 INFO o.s.b.a.e.w.EndpointLinksResolver [restartedMain] Exposing 1 endpoint(s) beneath base path '/actuator'
2021-08-19 01:51:47,986 INFO o.a.j.l.DirectJDKLog [restartedMain] Starting ProtocolHandler ["http-nio-8080"]
2021-08-19 01:51:47,988 INFO o.s.b.w.e.t.TomcatWebServer [restartedMain] Tomcat started on port(s): 8080 (http) with context path ''
2021-08-19 01:51:47,991 INFO o.s.b.StartupInfoLogger [restartedMain] Started SafetynetalertsApplication in 0.232 seconds (JVM running for 1040.002)
2021-08-19 01:51:47,996 INFO o.s.b.d.a.ConditionEvaluationDeltaLoggingListener [restartedMain] Condition evaluation unchanged
2021-08-19 01:52:36,486 INFO o.s.b.StartupInfoLogger [restartedMain] Starting SafetynetalertsApplication using Java 15.0.2 on DESKTOP-VK58OBN with PID 520 (S:\Shinigames_i\Formation Java\OCP5NG\safetynetalerts\target\classes started by Shinigames_i in S:\Shinigames_i\Formation Java\OCP5NG\safetynetalerts)
2021-08-19 01:52:36,487 DEBUG o.s.b.StartupInfoLogger [restartedMain] Running with Spring Boot v2.5.2, Spring v5.3.8
2021-08-19 01:52:36,487 INFO o.s.b.SpringApplication [restartedMain] No active profile set, falling back to default profiles: default
2021-08-19 01:52:36,622 INFO o.s.b.w.e.t.TomcatWebServer [restartedMain] Tomcat initialized with port(s): 8080 (http)
2021-08-19 01:52:36,622 INFO o.a.j.l.DirectJDKLog [restartedMain] Initializing ProtocolHandler ["http-nio-8080"]
2021-08-19 01:52:36,622 INFO o.a.j.l.DirectJDKLog [restartedMain] Starting service [Tomcat]
2021-08-19 01:52:36,622 INFO o.a.j.l.DirectJDKLog [restartedMain] Starting Servlet engine: [Apache Tomcat/9.0.48]
2021-08-19 01:52:36,633 INFO o.a.j.l.DirectJDKLog [restartedMain] Initializing Spring embedded WebApplicationContext
2021-08-19 01:52:36,634 INFO o.s.b.w.s.c.ServletWebServerApplicationContext [restartedMain] Root WebApplicationContext: initialization completed in 145 ms
2021-08-19 01:52:36,709 INFO o.s.b.d.a.OptionalLiveReloadServer [restartedMain] LiveReload server is running on port 35729
2021-08-19 01:52:36,712 INFO o.s.b.a.e.w.EndpointLinksResolver [restartedMain] Exposing 1 endpoint(s) beneath base path '/actuator'
2021-08-19 01:52:36,715 INFO o.a.j.l.DirectJDKLog [restartedMain] Starting ProtocolHandler ["http-nio-8080"]
2021-08-19 01:52:36,717 INFO o.s.b.w.e.t.TomcatWebServer [restartedMain] Tomcat started on port(s): 8080 (http) with context path ''
2021-08-19 01:52:36,720 INFO o.s.b.StartupInfoLogger [restartedMain] Started SafetynetalertsApplication in 0.255 seconds (JVM running for 1088.732)
2021-08-19 01:52:36,727 INFO o.s.b.d.a.ConditionEvaluationDeltaLoggingListener [restartedMain] Condition evaluation unchanged
2021-08-19 01:54:57,051 INFO o.s.b.StartupInfoLogger [restartedMain] Starting SafetynetalertsApplication using Java 15.0.2 on DESKTOP-VK58OBN with PID 520 (S:\Shinigames_i\Formation Java\OCP5NG\safetynetalerts\target\classes started by Shinigames_i in S:\Shinigames_i\Formation Java\OCP5NG\safetynetalerts)
2021-08-19 01:54:57,051 DEBUG o.s.b.StartupInfoLogger [restartedMain] Running with Spring Boot v2.5.2, Spring v5.3.8
2021-08-19 01:54:57,051 INFO o.s.b.SpringApplication [restartedMain] No active profile set, falling back to default profiles: default
2021-08-19 01:54:57,164 INFO o.s.b.w.e.t.TomcatWebServer [restartedMain] Tomcat initialized with port(s): 8080 (http)
2021-08-19 01:54:57,165 INFO o.a.j.l.DirectJDKLog [restartedMain] Initializing ProtocolHandler ["http-nio-8080"]
2021-08-19 01:54:57,165 INFO o.a.j.l.DirectJDKLog [restartedMain] Starting service [Tomcat]
2021-08-19 01:54:57,165 INFO o.a.j.l.DirectJDKLog [restartedMain] Starting Servlet engine: [Apache Tomcat/9.0.48]
2021-08-19 01:54:57,177 INFO o.a.j.l.DirectJDKLog [restartedMain] Initializing Spring embedded WebApplicationContext
2021-08-19 01:54:57,177 INFO o.s.b.w.s.c.ServletWebServerApplicationContext [restartedMain] Root WebApplicationContext: initialization completed in 125 ms
2021-08-19 01:54:57,231 INFO o.s.b.d.a.OptionalLiveReloadServer [restartedMain] LiveReload server is running on port 35729
2021-08-19 01:54:57,233 INFO o.s.b.a.e.w.EndpointLinksResolver [restartedMain] Exposing 1 endpoint(s) beneath base path '/actuator'
2021-08-19 01:54:57,236 INFO o.a.j.l.DirectJDKLog [restartedMain] Starting ProtocolHandler ["http-nio-8080"]
2021-08-19 01:54:57,237 INFO o.s.b.w.e.t.TomcatWebServer [restartedMain] Tomcat started on port(s): 8080 (http) with context path ''
2021-08-19 01:54:57,240 INFO o.s.b.StartupInfoLogger [restartedMain] Started SafetynetalertsApplication in 0.206 seconds (JVM running for 1229.251)
2021-08-19 01:54:57,245 INFO o.s.b.d.a.ConditionEvaluationDeltaLoggingListener [restartedMain] Condition evaluation unchanged
2021-08-19 01:56:09,192 INFO o.s.b.StartupInfoLogger [restartedMain] Starting SafetynetalertsApplication using Java 15.0.2 on DESKTOP-VK58OBN with PID 520 (S:\Shinigames_i\Formation Java\OCP5NG\safetynetalerts\target\classes started by Shinigames_i in S:\Shinigames_i\Formation Java\OCP5NG\safetynetalerts)
2021-08-19 01:56:09,192 DEBUG o.s.b.StartupInfoLogger [restartedMain] Running with Spring Boot v2.5.2, Spring v5.3.8
2021-08-19 01:56:09,192 INFO o.s.b.SpringApplication [restartedMain] No active profile set, falling back to default profiles: default
2021-08-19 01:56:09,304 INFO o.s.b.w.e.t.TomcatWebServer [restartedMain] Tomcat initialized with port(s): 8080 (http)
2021-08-19 01:56:09,304 INFO o.a.j.l.DirectJDKLog [restartedMain] Initializing ProtocolHandler ["http-nio-8080"]
2021-08-19 01:56:09,305 INFO o.a.j.l.DirectJDKLog [restartedMain] Starting service [Tomcat]
2021-08-19 01:56:09,305 INFO o.a.j.l.DirectJDKLog [restartedMain] Starting Servlet engine: [Apache Tomcat/9.0.48]
2021-08-19 01:56:09,317 INFO o.a.j.l.DirectJDKLog [restartedMain] Initializing Spring embedded WebApplicationContext
2021-08-19 01:56:09,317 INFO o.s.b.w.s.c.ServletWebServerApplicationContext [restartedMain] Root WebApplicationContext: initialization completed in 124 ms
2021-08-19 01:56:09,366 INFO o.s.b.d.a.OptionalLiveReloadServer [restartedMain] LiveReload server is running on port 35729
2021-08-19 01:56:09,367 INFO o.s.b.a.e.w.EndpointLinksResolver [restartedMain] Exposing 1 endpoint(s) beneath base path '/actuator'
2021-08-19 01:56:09,370 INFO o.a.j.l.DirectJDKLog [restartedMain] Starting ProtocolHandler ["http-nio-8080"]
2021-08-19 01:56:09,372 INFO o.s.b.w.e.t.TomcatWebServer [restartedMain] Tomcat started on port(s): 8080 (http) with context path ''
2021-08-19 01:56:09,374 INFO o.s.b.StartupInfoLogger [restartedMain] Started SafetynetalertsApplication in 0.199 seconds (JVM running for 1301.386)
2021-08-19 01:56:09,380 INFO o.s.b.d.a.ConditionEvaluationDeltaLoggingListener [restartedMain] Condition evaluation unchanged
2021-08-19 01:57:05,007 INFO o.s.b.StartupInfoLogger [restartedMain] Starting SafetynetalertsApplication using Java 15.0.2 on DESKTOP-VK58OBN with PID 520 (S:\Shinigames_i\Formation Java\OCP5NG\safetynetalerts\target\classes started by Shinigames_i in S:\Shinigames_i\Formation Java\OCP5NG\safetynetalerts)
2021-08-19 01:57:05,008 DEBUG o.s.b.StartupInfoLogger [restartedMain] Running with Spring Boot v2.5.2, Spring v5.3.8
2021-08-19 01:57:05,008 INFO o.s.b.SpringApplication [restartedMain] No active profile set, falling back to default profiles: default
2021-08-19 01:57:05,115 INFO o.s.b.w.e.t.TomcatWebServer [restartedMain] Tomcat initialized with port(s): 8080 (http)
2021-08-19 01:57:05,116 INFO o.a.j.l.DirectJDKLog [restartedMain] Initializing ProtocolHandler ["http-nio-8080"]
2021-08-19 01:57:05,116 INFO o.a.j.l.DirectJDKLog [restartedMain] Starting service [Tomcat]
2021-08-19 01:57:05,116 INFO o.a.j.l.DirectJDKLog [restartedMain] Starting Servlet engine: [Apache Tomcat/9.0.48]
2021-08-19 01:57:05,129 INFO o.a.j.l.DirectJDKLog [restartedMain] Initializing Spring embedded WebApplicationContext
2021-08-19 01:57:05,129 INFO o.s.b.w.s.c.ServletWebServerApplicationContext [restartedMain] Root WebApplicationContext: initialization completed in 121 ms
2021-08-19 01:57:05,182 INFO o.s.b.d.a.OptionalLiveReloadServer [restartedMain] LiveReload server is running on port 35729
2021-08-19 01:57:05,183 INFO o.s.b.a.e.w.EndpointLinksResolver [restartedMain] Exposing 1 endpoint(s) beneath base path '/actuator'
2021-08-19 01:57:05,185 INFO o.a.j.l.DirectJDKLog [restartedMain] Starting ProtocolHandler ["http-nio-8080"]
2021-08-19 01:57:05,188 INFO o.s.b.w.e.t.TomcatWebServer [restartedMain] Tomcat started on port(s): 8080 (http) with context path ''
2021-08-19 01:57:05,190 INFO o.s.b.StartupInfoLogger [restartedMain] Started SafetynetalertsApplication in 0.199 seconds (JVM running for 1357.202)
2021-08-19 01:57:05,196 INFO o.s.b.d.a.ConditionEvaluationDeltaLoggingListener [restartedMain] Condition evaluation unchanged
2021-08-19 01:57:14,838 INFO o.s.b.StartupInfoLogger [restartedMain] Starting SafetynetalertsApplication using Java 15.0.2 on DESKTOP-VK58OBN with PID 520 (S:\Shinigames_i\Formation Java\OCP5NG\safetynetalerts\target\classes started by Shinigames_i in S:\Shinigames_i\Formation Java\OCP5NG\safetynetalerts)
2021-08-19 01:57:14,838 DEBUG o.s.b.StartupInfoLogger [restartedMain] Running with Spring Boot v2.5.2, Spring v5.3.8
2021-08-19 01:57:14,838 INFO o.s.b.SpringApplication [restartedMain] No active profile set, falling back to default profiles: default
2021-08-19 01:57:14,960 INFO o.s.b.w.e.t.TomcatWebServer [restartedMain] Tomcat initialized with port(s): 8080 (http)
2021-08-19 01:57:14,961 INFO o.a.j.l.DirectJDKLog [restartedMain] Initializing ProtocolHandler ["http-nio-8080"]
2021-08-19 01:57:14,961 INFO o.a.j.l.DirectJDKLog [restartedMain] Starting service [Tomcat]
2021-08-19 01:57:14,961 INFO o.a.j.l.DirectJDKLog [restartedMain] Starting Servlet engine: [Apache Tomcat/9.0.48]
2021-08-19 01:57:14,971 INFO o.a.j.l.DirectJDKLog [restartedMain] Initializing Spring embedded WebApplicationContext
2021-08-19 01:57:14,971 INFO o.s.b.w.s.c.ServletWebServerApplicationContext [restartedMain] Root WebApplicationContext: initialization completed in 132 ms
2021-08-19 01:57:15,027 INFO o.s.b.d.a.OptionalLiveReloadServer [restartedMain] LiveReload server is running on port 35729
2021-08-19 01:57:15,028 INFO o.s.b.a.e.w.EndpointLinksResolver [restartedMain] Exposing 1 endpoint(s) beneath base path '/actuator'
2021-08-19 01:57:15,031 INFO o.a.j.l.DirectJDKLog [restartedMain] Starting ProtocolHandler ["http-nio-8080"]
2021-08-19 01:57:15,033 INFO o.s.b.w.e.t.TomcatWebServer [restartedMain] Tomcat started on port(s): 8080 (http) with context path ''
2021-08-19 01:57:15,035 INFO o.s.b.StartupInfoLogger [restartedMain] Started SafetynetalertsApplication in 0.217 seconds (JVM running for 1367.047)
2021-08-19 01:57:15,041 INFO o.s.b.d.a.ConditionEvaluationDeltaLoggingListener [restartedMain] Condition evaluation unchanged
2021-08-19 01:57:18,572 INFO o.s.b.StartupInfoLogger [restartedMain] Starting SafetynetalertsApplication using Java 15.0.2 on DESKTOP-VK58OBN with PID 520 (S:\Shinigames_i\Formation Java\OCP5NG\safetynetalerts\target\classes started by Shinigames_i in S:\Shinigames_i\Formation Java\OCP5NG\safetynetalerts)
2021-08-19 01:57:18,572 DEBUG o.s.b.StartupInfoLogger [restartedMain] Running with Spring Boot v2.5.2, Spring v5.3.8
2021-08-19 01:57:18,573 INFO o.s.b.SpringApplication [restartedMain] No active profile set, falling back to default profiles: default
2021-08-19 01:57:18,672 INFO o.s.b.w.e.t.TomcatWebServer [restartedMain] Tomcat initialized with port(s): 8080 (http)
2021-08-19 01:57:18,673 INFO o.a.j.l.DirectJDKLog [restartedMain] Initializing ProtocolHandler ["http-nio-8080"]
2021-08-19 01:57:18,673 INFO o.a.j.l.DirectJDKLog [restartedMain] Starting service [Tomcat]
2021-08-19 01:57:18,673 INFO o.a.j.l.DirectJDKLog [restartedMain] Starting Servlet engine: [Apache Tomcat/9.0.48]
2021-08-19 01:57:18,686 INFO o.a.j.l.DirectJDKLog [restartedMain] Initializing Spring embedded WebApplicationContext
2021-08-19 01:57:18,686 INFO o.s.b.w.s.c.ServletWebServerApplicationContext [restartedMain] Root WebApplicationContext: initialization completed in 113 ms
2021-08-19 01:57:18,732 INFO o.s.b.d.a.OptionalLiveReloadServer [restartedMain] LiveReload server is running on port 35729
2021-08-19 01:57:18,734 INFO o.s.b.a.e.w.EndpointLinksResolver [restartedMain] Exposing 1 endpoint(s) beneath base path '/actuator'
2021-08-19 01:57:18,736 INFO o.a.j.l.DirectJDKLog [restartedMain] Starting ProtocolHandler ["http-nio-8080"]
2021-08-19 01:57:18,738 INFO o.s.b.w.e.t.TomcatWebServer [restartedMain] Tomcat started on port(s): 8080 (http) with context path ''
2021-08-19 01:57:18,741 INFO o.s.b.StartupInfoLogger [restartedMain] Started SafetynetalertsApplication in 0.184 seconds (JVM running for 1370.753)
2021-08-19 01:57:18,746 INFO o.s.b.d.a.ConditionEvaluationDeltaLoggingListener [restartedMain] Condition evaluation unchanged
2021-08-19 01:59:27,703 INFO o.a.j.l.DirectJDKLog [http-nio-8080-exec-2] Initializing Spring DispatcherServlet 'dispatcherServlet'
2021-08-19 01:59:27,703 INFO o.s.w.s.FrameworkServlet [http-nio-8080-exec-2] Initializing Servlet 'dispatcherServlet'
2021-08-19 01:59:27,704 INFO o.s.w.s.FrameworkServlet [http-nio-8080-exec-2] Completed initialization in 1 ms
2021-08-19 01:59:27,704 TRACE c.n.s.f.LoggingFilter [http-nio-8080-exec-2] URL : http://localhost:8080/personInfo, Method : GET
2021-08-19 01:59:27,708 TRACE c.n.s.f.LoggingFilter [http-nio-8080-exec-2] Status : 200
2021-08-19 01:59:32,494 TRACE c.n.s.f.LoggingFilter [http-nio-8080-exec-3] URL : http://localhost:8080/personInfo, Method : GET
2021-08-19 01:59:32,496 TRACE c.n.s.f.LoggingFilter [http-nio-8080-exec-3] Status : 200
2021-08-19 01:59:34,421 TRACE c.n.s.f.LoggingFilter [http-nio-8080-exec-4] URL : http://localhost:8080/personInfo, Method : GET
2021-08-19 01:59:34,423 TRACE c.n.s.f.LoggingFilter [http-nio-8080-exec-4] Status : 200
2021-08-19 02:03:41,092 INFO o.s.b.StartupInfoLogger [restartedMain] Starting SafetynetalertsApplication using Java 15.0.2 on DESKTOP-VK58OBN with PID 520 (S:\Shinigames_i\Formation Java\OCP5NG\safetynetalerts\target\classes started by Shinigames_i in S:\Shinigames_i\Formation Java\OCP5NG\safetynetalerts)
2021-08-19 02:03:41,092 DEBUG o.s.b.StartupInfoLogger [restartedMain] Running with Spring Boot v2.5.2, Spring v5.3.8
2021-08-19 02:03:41,092 INFO o.s.b.SpringApplication [restartedMain] No active profile set, falling back to default profiles: default
2021-08-19 02:03:41,200 INFO o.s.b.w.e.t.TomcatWebServer [restartedMain] Tomcat initialized with port(s): 8080 (http)
2021-08-19 02:03:41,201 INFO o.a.j.l.DirectJDKLog [restartedMain] Initializing ProtocolHandler ["http-nio-8080"]
2021-08-19 02:03:41,201 INFO o.a.j.l.DirectJDKLog [restartedMain] Starting service [Tomcat]
2021-08-19 02:03:41,201 INFO o.a.j.l.DirectJDKLog [restartedMain] Starting Servlet engine: [Apache Tomcat/9.0.48]
2021-08-19 02:03:41,211 INFO o.a.j.l.DirectJDKLog [restartedMain] Initializing Spring embedded WebApplicationContext
2021-08-19 02:03:41,211 INFO o.s.b.w.s.c.ServletWebServerApplicationContext [restartedMain] Root WebApplicationContext: initialization completed in 118 ms
2021-08-19 02:03:41,265 INFO o.s.b.d.a.OptionalLiveReloadServer [restartedMain] LiveReload server is running on port 35729
2021-08-19 02:03:41,267 INFO o.s.b.a.e.w.EndpointLinksResolver [restartedMain] Exposing 1 endpoint(s) beneath base path '/actuator'
2021-08-19 02:03:41,269 INFO o.a.j.l.DirectJDKLog [restartedMain] Starting ProtocolHandler ["http-nio-8080"]
2021-08-19 02:03:41,271 INFO o.s.b.w.e.t.TomcatWebServer [restartedMain] Tomcat started on port(s): 8080 (http) with context path ''
2021-08-19 02:03:41,274 INFO o.s.b.StartupInfoLogger [restartedMain] Started SafetynetalertsApplication in 0.2 seconds (JVM running for 1753.286)
2021-08-19 02:03:41,279 INFO o.s.b.d.a.ConditionEvaluationDeltaLoggingListener [restartedMain] Condition evaluation unchanged
2021-08-19 02:04:53,347 INFO o.s.b.StartupInfoLogger [restartedMain] Starting SafetynetalertsApplication using Java 15.0.2 on DESKTOP-VK58OBN with PID 520 (S:\Shinigames_i\Formation Java\OCP5NG\safetynetalerts\target\classes started by Shinigames_i in S:\Shinigames_i\Formation Java\OCP5NG\safetynetalerts)
2021-08-19 02:04:53,348 DEBUG o.s.b.StartupInfoLogger [restartedMain] Running with Spring Boot v2.5.2, Spring v5.3.8
2021-08-19 02:04:53,348 INFO o.s.b.SpringApplication [restartedMain] No active profile set, falling back to default profiles: default
2021-08-19 02:04:53,456 INFO o.s.b.w.e.t.TomcatWebServer [restartedMain] Tomcat initialized with port(s): 8080 (http)
2021-08-19 02:04:53,457 INFO o.a.j.l.DirectJDKLog [restartedMain] Initializing ProtocolHandler ["http-nio-8080"]
2021-08-19 02:04:53,457 INFO o.a.j.l.DirectJDKLog [restartedMain] Starting service [Tomcat]
2021-08-19 02:04:53,457 INFO o.a.j.l.DirectJDKLog [restartedMain] Starting Servlet engine: [Apache Tomcat/9.0.48]
2021-08-19 02:04:53,469 INFO o.a.j.l.DirectJDKLog [restartedMain] Initializing Spring embedded WebApplicationContext
2021-08-19 02:04:53,469 INFO o.s.b.w.s.c.ServletWebServerApplicationContext [restartedMain] Root WebApplicationContext: initialization completed in 120 ms
2021-08-19 02:04:53,519 INFO o.s.b.d.a.OptionalLiveReloadServer [restartedMain] LiveReload server is running on port 35729
2021-08-19 02:04:53,520 INFO o.s.b.a.e.w.EndpointLinksResolver [restartedMain] Exposing 1 endpoint(s) beneath base path '/actuator'
2021-08-19 02:04:53,523 INFO o.a.j.l.DirectJDKLog [restartedMain] Starting ProtocolHandler ["http-nio-8080"]
2021-08-19 02:04:53,525 INFO o.s.b.w.e.t.TomcatWebServer [restartedMain] Tomcat started on port(s): 8080 (http) with context path ''
2021-08-19 02:04:53,528 INFO o.s.b.StartupInfoLogger [restartedMain] Started SafetynetalertsApplication in 0.196 seconds (JVM running for 1825.539)
2021-08-19 02:04:53,534 INFO o.s.b.d.a.ConditionEvaluationDeltaLoggingListener [restartedMain] Condition evaluation unchanged
2021-08-19 02:05:32,781 INFO o.s.b.StartupInfoLogger [restartedMain] Starting SafetynetalertsApplication using Java 15.0.2 on DESKTOP-VK58OBN with PID 520 (S:\Shinigames_i\Formation Java\OCP5NG\safetynetalerts\target\classes started by Shinigames_i in S:\Shinigames_i\Formation Java\OCP5NG\safetynetalerts)
2021-08-19 02:05:32,782 DEBUG o.s.b.StartupInfoLogger [restartedMain] Running with Spring Boot v2.5.2, Spring v5.3.8
2021-08-19 02:05:32,782 INFO o.s.b.SpringApplication [restartedMain] No active profile set, falling back to default profiles: default
2021-08-19 02:05:32,886 INFO o.s.b.w.e.t.TomcatWebServer [restartedMain] Tomcat initialized with port(s): 8080 (http)
2021-08-19 02:05:32,886 INFO o.a.j.l.DirectJDKLog [restartedMain] Initializing ProtocolHandler ["http-nio-8080"]
2021-08-19 02:05:32,887 INFO o.a.j.l.DirectJDKLog [restartedMain] Starting service [Tomcat]
2021-08-19 02:05:32,887 INFO o.a.j.l.DirectJDKLog [restartedMain] Starting Servlet engine: [Apache Tomcat/9.0.48]
2021-08-19 02:05:32,897 INFO o.a.j.l.DirectJDKLog [restartedMain] Initializing Spring embedded WebApplicationContext
2021-08-19 02:05:32,897 INFO o.s.b.w.s.c.ServletWebServerApplicationContext [restartedMain] Root WebApplicationContext: initialization completed in 115 ms
2021-08-19 02:05:32,947 INFO o.s.b.d.a.OptionalLiveReloadServer [restartedMain] LiveReload server is running on port 35729
2021-08-19 02:05:32,948 INFO o.s.b.a.e.w.EndpointLinksResolver [restartedMain] Exposing 1 endpoint(s) beneath base path '/actuator'
2021-08-19 02:05:32,952 INFO o.a.j.l.DirectJDKLog [restartedMain] Starting ProtocolHandler ["http-nio-8080"]
2021-08-19 02:05:32,954 INFO o.s.b.w.e.t.TomcatWebServer [restartedMain] Tomcat started on port(s): 8080 (http) with context path ''
2021-08-19 02:05:32,957 INFO o.s.b.StartupInfoLogger [restartedMain] Started SafetynetalertsApplication in 0.191 seconds (JVM running for 1864.969)
2021-08-19 02:05:32,966 INFO o.s.b.d.a.ConditionEvaluationDeltaLoggingListener [restartedMain] Condition evaluation unchanged
2021-08-19 02:05:37,523 INFO o.s.b.StartupInfoLogger [restartedMain] Starting SafetynetalertsApplication using Java 15.0.2 on DESKTOP-VK58OBN with PID 520 (S:\Shinigames_i\Formation Java\OCP5NG\safetynetalerts\target\classes started by Shinigames_i in S:\Shinigames_i\Formation Java\OCP5NG\safetynetalerts)
2021-08-19 02:05:37,523 DEBUG o.s.b.StartupInfoLogger [restartedMain] Running with Spring Boot v2.5.2, Spring v5.3.8
2021-08-19 02:05:37,523 INFO o.s.b.SpringApplication [restartedMain] No active profile set, falling back to default profiles: default
2021-08-19 02:05:37,626 INFO o.s.b.w.e.t.TomcatWebServer [restartedMain] Tomcat initialized with port(s): 8080 (http)
2021-08-19 02:05:37,626 INFO o.a.j.l.DirectJDKLog [restartedMain] Initializing ProtocolHandler ["http-nio-8080"]
2021-08-19 02:05:37,626 INFO o.a.j.l.DirectJDKLog [restartedMain] Starting service [Tomcat]
2021-08-19 02:05:37,626 INFO o.a.j.l.DirectJDKLog [restartedMain] Starting Servlet engine: [Apache Tomcat/9.0.48]
2021-08-19 02:05:37,635 INFO o.a.j.l.DirectJDKLog [restartedMain] Initializing Spring embedded WebApplicationContext
2021-08-19 02:05:37,635 INFO o.s.b.w.s.c.ServletWebServerApplicationContext [restartedMain] Root WebApplicationContext: initialization completed in 111 ms
2021-08-19 02:05:37,682 INFO o.s.b.d.a.OptionalLiveReloadServer [restartedMain] LiveReload server is running on port 35729
2021-08-19 02:05:37,684 INFO o.s.b.a.e.w.EndpointLinksResolver [restartedMain] Exposing 1 endpoint(s) beneath base path '/actuator'
2021-08-19 02:05:37,687 INFO o.a.j.l.DirectJDKLog [restartedMain] Starting ProtocolHandler ["http-nio-8080"]
2021-08-19 02:05:37,690 INFO o.s.b.w.e.t.TomcatWebServer [restartedMain] Tomcat started on port(s): 8080 (http) with context path ''
2021-08-19 02:05:37,692 INFO o.s.b.StartupInfoLogger [restartedMain] Started SafetynetalertsApplication in 0.184 seconds (JVM running for 1869.704)
2021-08-19 02:05:37,697 INFO o.s.b.d.a.ConditionEvaluationDeltaLoggingListener [restartedMain] Condition evaluation unchanged
2021-08-19 02:07:41,719 INFO o.s.b.StartupInfoLogger [restartedMain] Starting SafetynetalertsApplication using Java 15.0.2 on DESKTOP-VK58OBN with PID 520 (S:\Shinigames_i\Formation Java\OCP5NG\safetynetalerts\target\classes started by Shinigames_i in S:\Shinigames_i\Formation Java\OCP5NG\safetynetalerts)
2021-08-19 02:07:41,719 DEBUG o.s.b.StartupInfoLogger [restartedMain] Running with Spring Boot v2.5.2, Spring v5.3.8
2021-08-19 02:07:41,719 INFO o.s.b.SpringApplication [restartedMain] No active profile set, falling back to default profiles: default
2021-08-19 02:07:41,829 INFO o.s.b.w.e.t.TomcatWebServer [restartedMain] Tomcat initialized with port(s): 8080 (http)
2021-08-19 02:07:41,829 INFO o.a.j.l.DirectJDKLog [restartedMain] Initializing ProtocolHandler ["http-nio-8080"]
2021-08-19 02:07:41,829 INFO o.a.j.l.DirectJDKLog [restartedMain] Starting service [Tomcat]
2021-08-19 02:07:41,829 INFO o.a.j.l.DirectJDKLog [restartedMain] Starting Servlet engine: [Apache Tomcat/9.0.48]
2021-08-19 02:07:41,841 INFO o.a.j.l.DirectJDKLog [restartedMain] Initializing Spring embedded WebApplicationContext
2021-08-19 02:07:41,841 INFO o.s.b.w.s.c.ServletWebServerApplicationContext [restartedMain] Root WebApplicationContext: initialization completed in 121 ms
2021-08-19 02:07:41,889 INFO o.s.b.d.a.OptionalLiveReloadServer [restartedMain] LiveReload server is running on port 35729
2021-08-19 02:07:41,890 INFO o.s.b.a.e.w.EndpointLinksResolver [restartedMain] Exposing 1 endpoint(s) beneath base path '/actuator'
2021-08-19 02:07:41,893 INFO o.a.j.l.DirectJDKLog [restartedMain] Starting ProtocolHandler ["http-nio-8080"]
2021-08-19 02:07:41,895 INFO o.s.b.w.e.t.TomcatWebServer [restartedMain] Tomcat started on port(s): 8080 (http) with context path ''
2021-08-19 02:07:41,898 INFO o.s.b.StartupInfoLogger [restartedMain] Started SafetynetalertsApplication in 0.193 seconds (JVM running for 1993.909)
2021-08-19 02:07:41,903 INFO o.s.b.d.a.ConditionEvaluationDeltaLoggingListener [restartedMain] Condition evaluation unchanged
2021-08-19 02:07:47,088 INFO o.a.j.l.DirectJDKLog [http-nio-8080-exec-2] Initializing Spring DispatcherServlet 'dispatcherServlet'
2021-08-19 02:07:47,088 INFO o.s.w.s.FrameworkServlet [http-nio-8080-exec-2] Initializing Servlet 'dispatcherServlet'
2021-08-19 02:07:47,089 INFO o.s.w.s.FrameworkServlet [http-nio-8080-exec-2] Completed initialization in 1 ms
2021-08-19 02:07:47,089 TRACE c.n.s.f.LoggingFilter [http-nio-8080-exec-2] URL : http://localhost:8080/personInfo, Method : GET
2021-08-19 02:07:47,094 TRACE c.n.s.f.LoggingFilter [http-nio-8080-exec-2] Status : 200
2021-08-19 02:09:47,169 TRACE c.n.s.f.LoggingFilter [http-nio-8080-exec-5] URL : http://localhost:8080/personInfo, Method : GET
2021-08-19 02:09:47,171 TRACE c.n.s.f.LoggingFilter [http-nio-8080-exec-5] Status : 200
2021-08-19 02:10:59,559 INFO o.s.b.StartupInfoLogger [restartedMain] Starting SafetynetalertsApplication using Java 15.0.2 on DESKTOP-VK58OBN with PID 520 (S:\Shinigames_i\Formation Java\OCP5NG\safetynetalerts\target\classes started by Shinigames_i in S:\Shinigames_i\Formation Java\OCP5NG\safetynetalerts)
2021-08-19 02:10:59,559 DEBUG o.s.b.StartupInfoLogger [restartedMain] Running with Spring Boot v2.5.2, Spring v5.3.8
2021-08-19 02:10:59,559 INFO o.s.b.SpringApplication [restartedMain] No active profile set, falling back to default profiles: default
2021-08-19 02:10:59,664 INFO o.s.b.w.e.t.TomcatWebServer [restartedMain] Tomcat initialized with port(s): 8080 (http)
2021-08-19 02:10:59,665 INFO o.a.j.l.DirectJDKLog [restartedMain] Initializing ProtocolHandler ["http-nio-8080"]
2021-08-19 02:10:59,665 INFO o.a.j.l.DirectJDKLog [restartedMain] Starting service [Tomcat]
2021-08-19 02:10:59,665 INFO o.a.j.l.DirectJDKLog [restartedMain] Starting Servlet engine: [Apache Tomcat/9.0.48]
2021-08-19 02:10:59,677 INFO o.a.j.l.DirectJDKLog [restartedMain] Initializing Spring embedded WebApplicationContext
2021-08-19 02:10:59,677 INFO o.s.b.w.s.c.ServletWebServerApplicationContext [restartedMain] Root WebApplicationContext: initialization completed in 117 ms
2021-08-19 02:10:59,726 INFO o.s.b.d.a.OptionalLiveReloadServer [restartedMain] LiveReload server is running on port 35729
2021-08-19 02:10:59,727 INFO o.s.b.a.e.w.EndpointLinksResolver [restartedMain] Exposing 1 endpoint(s) beneath base path '/actuator'
2021-08-19 02:10:59,730 INFO o.a.j.l.DirectJDKLog [restartedMain] Starting ProtocolHandler ["http-nio-8080"]
2021-08-19 02:10:59,732 INFO o.s.b.w.e.t.TomcatWebServer [restartedMain] Tomcat started on port(s): 8080 (http) with context path ''
2021-08-19 02:10:59,736 INFO o.s.b.StartupInfoLogger [restartedMain] Started SafetynetalertsApplication in 0.192 seconds (JVM running for 2191.747)
2021-08-19 02:10:59,745 INFO o.s.b.d.a.ConditionEvaluationDeltaLoggingListener [restartedMain] Condition evaluation unchanged
2021-08-19 02:11:12,437 INFO o.s.b.StartupInfoLogger [restartedMain] Starting SafetynetalertsApplication using Java 15.0.2 on DESKTOP-VK58OBN with PID 520 (S:\Shinigames_i\Formation Java\OCP5NG\safetynetalerts\target\classes started by Shinigames_i in S:\Shinigames_i\Formation Java\OCP5NG\safetynetalerts)
2021-08-19 02:11:12,437 DEBUG o.s.b.StartupInfoLogger [restartedMain] Running with Spring Boot v2.5.2, Spring v5.3.8
2021-08-19 02:11:12,437 INFO o.s.b.SpringApplication [restartedMain] No active profile set, falling back to default profiles: default
2021-08-19 02:11:12,533 INFO o.s.b.w.e.t.TomcatWebServer [restartedMain] Tomcat initialized with port(s): 8080 (http)
2021-08-19 02:11:12,533 INFO o.a.j.l.DirectJDKLog [restartedMain] Initializing ProtocolHandler ["http-nio-8080"]
2021-08-19 02:11:12,534 INFO o.a.j.l.DirectJDKLog [restartedMain] Starting service [Tomcat]
2021-08-19 02:11:12,534 INFO o.a.j.l.DirectJDKLog [restartedMain] Starting Servlet engine: [Apache Tomcat/9.0.48]
2021-08-19 02:11:12,544 INFO o.a.j.l.DirectJDKLog [restartedMain] Initializing Spring embedded WebApplicationContext
2021-08-19 02:11:12,544 INFO o.s.b.w.s.c.ServletWebServerApplicationContext [restartedMain] Root WebApplicationContext: initialization completed in 106 ms
2021-08-19 02:11:12,583 INFO o.s.b.d.a.OptionalLiveReloadServer [restartedMain] LiveReload server is running on port 35729
2021-08-19 02:11:12,584 INFO o.s.b.a.e.w.EndpointLinksResolver [restartedMain] Exposing 1 endpoint(s) beneath base path '/actuator'
2021-08-19 02:11:12,591 INFO o.a.j.l.DirectJDKLog [restartedMain] Starting ProtocolHandler ["http-nio-8080"]
2021-08-19 02:11:12,593 INFO o.s.b.w.e.t.TomcatWebServer [restartedMain] Tomcat started on port(s): 8080 (http) with context path ''
2021-08-19 02:11:12,597 INFO o.s.b.StartupInfoLogger [restartedMain] Started SafetynetalertsApplication in 0.178 seconds (JVM running for 2204.609)
2021-08-19 02:11:12,604 INFO o.s.b.d.a.ConditionEvaluationDeltaLoggingListener [restartedMain] Condition evaluation unchanged
2021-08-19 02:12:06,050 INFO o.s.b.StartupInfoLogger [restartedMain] Starting SafetynetalertsApplication using Java 15.0.2 on DESKTOP-VK58OBN with PID 520 (S:\Shinigames_i\Formation Java\OCP5NG\safetynetalerts\target\classes started by Shinigames_i in S:\Shinigames_i\Formation Java\OCP5NG\safetynetalerts)
2021-08-19 02:12:06,051 DEBUG o.s.b.StartupInfoLogger [restartedMain] Running with Spring Boot v2.5.2, Spring v5.3.8
2021-08-19 02:12:06,051 INFO o.s.b.SpringApplication [restartedMain] No active profile set, falling back to default profiles: default
2021-08-19 02:12:06,149 INFO o.s.b.w.e.t.TomcatWebServer [restartedMain] Tomcat initialized with port(s): 8080 (http)
2021-08-19 02:12:06,150 INFO o.a.j.l.DirectJDKLog [restartedMain] Initializing ProtocolHandler ["http-nio-8080"]
2021-08-19 02:12:06,150 INFO o.a.j.l.DirectJDKLog [restartedMain] Starting service [Tomcat]
2021-08-19 02:12:06,150 INFO o.a.j.l.DirectJDKLog [restartedMain] Starting Servlet engine: [Apache Tomcat/9.0.48]
2021-08-19 02:12:06,159 INFO o.a.j.l.DirectJDKLog [restartedMain] Initializing Spring embedded WebApplicationContext
2021-08-19 02:12:06,159 INFO o.s.b.w.s.c.ServletWebServerApplicationContext [restartedMain] Root WebApplicationContext: initialization completed in 107 ms
2021-08-19 02:12:06,205 INFO o.s.b.d.a.OptionalLiveReloadServer [restartedMain] LiveReload server is running on port 35729
2021-08-19 02:12:06,206 INFO o.s.b.a.e.w.EndpointLinksResolver [restartedMain] Exposing 1 endpoint(s) beneath base path '/actuator'
2021-08-19 02:12:06,210 INFO o.a.j.l.DirectJDKLog [restartedMain] Starting ProtocolHandler ["http-nio-8080"]
2021-08-19 02:12:06,212 INFO o.s.b.w.e.t.TomcatWebServer [restartedMain] Tomcat started on port(s): 8080 (http) with context path ''
2021-08-19 02:12:06,215 INFO o.s.b.StartupInfoLogger [restartedMain] Started SafetynetalertsApplication in 0.18 seconds (JVM running for 2258.227)
2021-08-19 02:12:06,222 INFO o.s.b.d.a.ConditionEvaluationDeltaLoggingListener [restartedMain] Condition evaluation unchanged
2021-08-19 02:12:08,734 INFO o.s.b.StartupInfoLogger [restartedMain] Starting SafetynetalertsApplication using Java 15.0.2 on DESKTOP-VK58OBN with PID 520 (S:\Shinigames_i\Formation Java\OCP5NG\safetynetalerts\target\classes started by Shinigames_i in S:\Shinigames_i\Formation Java\OCP5NG\safetynetalerts)
2021-08-19 02:12:08,734 DEBUG o.s.b.StartupInfoLogger [restartedMain] Running with Spring Boot v2.5.2, Spring v5.3.8
2021-08-19 02:12:08,734 INFO o.s.b.SpringApplication [restartedMain] No active profile set, falling back to default profiles: default
2021-08-19 02:12:08,836 INFO o.s.b.w.e.t.TomcatWebServer [restartedMain] Tomcat initialized with port(s): 8080 (http)
2021-08-19 02:12:08,836 INFO o.a.j.l.DirectJDKLog [restartedMain] Initializing ProtocolHandler ["http-nio-8080"]
2021-08-19 02:12:08,836 INFO o.a.j.l.DirectJDKLog [restartedMain] Starting service [Tomcat]
2021-08-19 02:12:08,836 INFO o.a.j.l.DirectJDKLog [restartedMain] Starting Servlet engine: [Apache Tomcat/9.0.48]
2021-08-19 02:12:08,845 INFO o.a.j.l.DirectJDKLog [restartedMain] Initializing Spring embedded WebApplicationContext
2021-08-19 02:12:08,846 INFO o.s.b.w.s.c.ServletWebServerApplicationContext [restartedMain] Root WebApplicationContext: initialization completed in 110 ms
2021-08-19 02:12:08,891 INFO o.s.b.d.a.OptionalLiveReloadServer [restartedMain] LiveReload server is running on port 35729
2021-08-19 02:12:08,892 INFO o.s.b.a.e.w.EndpointLinksResolver [restartedMain] Exposing 1 endpoint(s) beneath base path '/actuator'
2021-08-19 02:12:08,895 INFO o.a.j.l.DirectJDKLog [restartedMain] Starting ProtocolHandler ["http-nio-8080"]
2021-08-19 02:12:08,897 INFO o.s.b.w.e.t.TomcatWebServer [restartedMain] Tomcat started on port(s): 8080 (http) with context path ''
2021-08-19 02:12:08,899 INFO o.s.b.StartupInfoLogger [restartedMain] Started SafetynetalertsApplication in 0.179 seconds (JVM running for 2260.911)
2021-08-19 02:12:08,904 INFO o.s.b.d.a.ConditionEvaluationDeltaLoggingListener [restartedMain] Condition evaluation unchanged
2021-08-19 02:13:23,842 INFO o.s.b.StartupInfoLogger [restartedMain] Starting SafetynetalertsApplication using Java 15.0.2 on DESKTOP-VK58OBN with PID 520 (S:\Shinigames_i\Formation Java\OCP5NG\safetynetalerts\target\classes started by Shinigames_i in S:\Shinigames_i\Formation Java\OCP5NG\safetynetalerts)
2021-08-19 02:13:23,842 DEBUG o.s.b.StartupInfoLogger [restartedMain] Running with Spring Boot v2.5.2, Spring v5.3.8
2021-08-19 02:13:23,842 INFO o.s.b.SpringApplication [restartedMain] No active profile set, falling back to default profiles: default
2021-08-19 02:13:23,952 INFO o.s.b.w.e.t.TomcatWebServer [restartedMain] Tomcat initialized with port(s): 8080 (http)
2021-08-19 02:13:23,952 INFO o.a.j.l.DirectJDKLog [restartedMain] Initializing ProtocolHandler ["http-nio-8080"]
2021-08-19 02:13:23,952 INFO o.a.j.l.DirectJDKLog [restartedMain] Starting service [Tomcat]
2021-08-19 02:13:23,952 INFO o.a.j.l.DirectJDKLog [restartedMain] Starting Servlet engine: [Apache Tomcat/9.0.48]
2021-08-19 02:13:23,964 INFO o.a.j.l.DirectJDKLog [restartedMain] Initializing Spring embedded WebApplicationContext
2021-08-19 02:13:23,964 INFO o.s.b.w.s.c.ServletWebServerApplicationContext [restartedMain] Root WebApplicationContext: initialization completed in 121 ms
2021-08-19 02:13:24,018 INFO o.s.b.d.a.OptionalLiveReloadServer [restartedMain] LiveReload server is running on port 35729
2021-08-19 02:13:24,019 INFO o.s.b.a.e.w.EndpointLinksResolver [restartedMain] Exposing 1 endpoint(s) beneath base path '/actuator'
2021-08-19 02:13:24,023 INFO o.a.j.l.DirectJDKLog [restartedMain] Starting ProtocolHandler ["http-nio-8080"]
2021-08-19 02:13:24,025 INFO o.s.b.w.e.t.TomcatWebServer [restartedMain] Tomcat started on port(s): 8080 (http) with context path ''
2021-08-19 02:13:24,027 INFO o.s.b.StartupInfoLogger [restartedMain] Started SafetynetalertsApplication in 0.202 seconds (JVM running for 2336.039)
2021-08-19 02:13:24,035 INFO o.s.b.d.a.ConditionEvaluationDeltaLoggingListener [restartedMain] Condition evaluation unchanged
2021-08-19 02:18:16,292 INFO o.s.b.StartupInfoLogger [restartedMain] Starting SafetynetalertsApplication using Java 15.0.2 on DESKTOP-VK58OBN with PID 520 (S:\Shinigames_i\Formation Java\OCP5NG\safetynetalerts\target\classes started by Shinigames_i in S:\Shinigames_i\Formation Java\OCP5NG\safetynetalerts)
2021-08-19 02:18:16,292 DEBUG o.s.b.StartupInfoLogger [restartedMain] Running with Spring Boot v2.5.2, Spring v5.3.8
2021-08-19 02:18:16,292 INFO o.s.b.SpringApplication [restartedMain] No active profile set, falling back to default profiles: default
2021-08-19 02:18:16,396 INFO o.s.b.w.e.t.TomcatWebServer [restartedMain] Tomcat initialized with port(s): 8080 (http)
2021-08-19 02:18:16,396 INFO o.a.j.l.DirectJDKLog [restartedMain] Initializing ProtocolHandler ["http-nio-8080"]
2021-08-19 02:18:16,397 INFO o.a.j.l.DirectJDKLog [restartedMain] Starting service [Tomcat]
2021-08-19 02:18:16,397 INFO o.a.j.l.DirectJDKLog [restartedMain] Starting Servlet engine: [Apache Tomcat/9.0.48]
2021-08-19 02:18:16,407 INFO o.a.j.l.DirectJDKLog [restartedMain] Initializing Spring embedded WebApplicationContext
2021-08-19 02:18:16,408 INFO o.s.b.w.s.c.ServletWebServerApplicationContext [restartedMain] Root WebApplicationContext: initialization completed in 114 ms
2021-08-19 02:18:16,449 INFO o.s.b.d.a.OptionalLiveReloadServer [restartedMain] LiveReload server is running on port 35729
2021-08-19 02:18:16,450 INFO o.s.b.a.e.w.EndpointLinksResolver [restartedMain] Exposing 1 endpoint(s) beneath base path '/actuator'
2021-08-19 02:18:16,455 INFO o.a.j.l.DirectJDKLog [restartedMain] Starting ProtocolHandler ["http-nio-8080"]
2021-08-19 02:18:16,457 INFO o.s.b.w.e.t.TomcatWebServer [restartedMain] Tomcat started on port(s): 8080 (http) with context path ''
2021-08-19 02:18:16,459 INFO o.s.b.StartupInfoLogger [restartedMain] Started SafetynetalertsApplication in 0.184 seconds (JVM running for 2628.471)
2021-08-19 02:18:16,465 INFO o.s.b.d.a.ConditionEvaluationDeltaLoggingListener [restartedMain] Condition evaluation unchanged
2021-08-19 02:20:58,157 INFO o.s.b.StartupInfoLogger [restartedMain] Starting SafetynetalertsApplication using Java 15.0.2 on DESKTOP-VK58OBN with PID 520 (S:\Shinigames_i\Formation Java\OCP5NG\safetynetalerts\target\classes started by Shinigames_i in S:\Shinigames_i\Formation Java\OCP5NG\safetynetalerts)
2021-08-19 02:20:58,157 DEBUG o.s.b.StartupInfoLogger [restartedMain] Running with Spring Boot v2.5.2, Spring v5.3.8
2021-08-19 02:20:58,157 INFO o.s.b.SpringApplication [restartedMain] No active profile set, falling back to default profiles: default
2021-08-19 02:20:58,262 INFO o.s.b.w.e.t.TomcatWebServer [restartedMain] Tomcat initialized with port(s): 8080 (http)
2021-08-19 02:20:58,262 INFO o.a.j.l.DirectJDKLog [restartedMain] Initializing ProtocolHandler ["http-nio-8080"]
2021-08-19 02:20:58,262 INFO o.a.j.l.DirectJDKLog [restartedMain] Starting service [Tomcat]
2021-08-19 02:20:58,262 INFO o.a.j.l.DirectJDKLog [restartedMain] Starting Servlet engine: [Apache Tomcat/9.0.48]
2021-08-19 02:20:58,273 INFO o.a.j.l.DirectJDKLog [restartedMain] Initializing Spring embedded WebApplicationContext
2021-08-19 02:20:58,273 INFO o.s.b.w.s.c.ServletWebServerApplicationContext [restartedMain] Root WebApplicationContext: initialization completed in 115 ms
2021-08-19 02:20:58,314 INFO o.s.b.d.a.OptionalLiveReloadServer [restartedMain] LiveReload server is running on port 35729
2021-08-19 02:20:58,315 INFO o.s.b.a.e.w.EndpointLinksResolver [restartedMain] Exposing 1 endpoint(s) beneath base path '/actuator'
2021-08-19 02:20:58,317 INFO o.a.j.l.DirectJDKLog [restartedMain] Starting ProtocolHandler ["http-nio-8080"]
2021-08-19 02:20:58,322 INFO o.s.b.w.e.t.TomcatWebServer [restartedMain] Tomcat started on port(s): 8080 (http) with context path ''
2021-08-19 02:20:58,324 INFO o.s.b.StartupInfoLogger [restartedMain] Started SafetynetalertsApplication in 0.184 seconds (JVM running for 2790.336)
2021-08-19 02:20:58,329 INFO o.s.b.d.a.ConditionEvaluationDeltaLoggingListener [restartedMain] Condition evaluation unchanged
2021-08-19 02:21:39,648 INFO o.s.b.StartupInfoLogger [restartedMain] Starting SafetynetalertsApplication using Java 15.0.2 on DESKTOP-VK58OBN with PID 520 (S:\Shinigames_i\Formation Java\OCP5NG\safetynetalerts\target\classes started by Shinigames_i in S:\Shinigames_i\Formation Java\OCP5NG\safetynetalerts)
2021-08-19 02:21:39,648 DEBUG o.s.b.StartupInfoLogger [restartedMain] Running with Spring Boot v2.5.2, Spring v5.3.8
2021-08-19 02:21:39,648 INFO o.s.b.SpringApplication [restartedMain] No active profile set, falling back to default profiles: default
2021-08-19 02:21:39,744 INFO o.s.b.w.e.t.TomcatWebServer [restartedMain] Tomcat initialized with port(s): 8080 (http)
2021-08-19 02:21:39,745 INFO o.a.j.l.DirectJDKLog [restartedMain] Initializing ProtocolHandler ["http-nio-8080"]
2021-08-19 02:21:39,745 INFO o.a.j.l.DirectJDKLog [restartedMain] Starting service [Tomcat]
2021-08-19 02:21:39,745 INFO o.a.j.l.DirectJDKLog [restartedMain] Starting Servlet engine: [Apache Tomcat/9.0.48]
2021-08-19 02:21:39,755 INFO o.a.j.l.DirectJDKLog [restartedMain] Initializing Spring embedded WebApplicationContext
2021-08-19 02:21:39,755 INFO o.s.b.w.s.c.ServletWebServerApplicationContext [restartedMain] Root WebApplicationContext: initialization completed in 106 ms
2021-08-19 02:21:39,795 INFO o.s.b.d.a.OptionalLiveReloadServer [restartedMain] LiveReload server is running on port 35729
2021-08-19 02:21:39,796 INFO o.s.b.a.e.w.EndpointLinksResolver [restartedMain] Exposing 1 endpoint(s) beneath base path '/actuator'
2021-08-19 02:21:39,803 INFO o.a.j.l.DirectJDKLog [restartedMain] Starting ProtocolHandler ["http-nio-8080"]
2021-08-19 02:21:39,805 INFO o.s.b.w.e.t.TomcatWebServer [restartedMain] Tomcat started on port(s): 8080 (http) with context path ''
2021-08-19 02:21:39,807 INFO o.s.b.StartupInfoLogger [restartedMain] Started SafetynetalertsApplication in 0.175 seconds (JVM running for 2831.819)
2021-08-19 02:21:39,812 INFO o.s.b.d.a.ConditionEvaluationDeltaLoggingListener [restartedMain] Condition evaluation unchanged
2021-08-19 02:21:48,436 INFO o.s.b.StartupInfoLogger [restartedMain] Starting SafetynetalertsApplication using Java 15.0.2 on DESKTOP-VK58OBN with PID 520 (S:\Shinigames_i\Formation Java\OCP5NG\safetynetalerts\target\classes started by Shinigames_i in S:\Shinigames_i\Formation Java\OCP5NG\safetynetalerts)
2021-08-19 02:21:48,437 DEBUG o.s.b.StartupInfoLogger [restartedMain] Running with Spring Boot v2.5.2, Spring v5.3.8
2021-08-19 02:21:48,437 INFO o.s.b.SpringApplication [restartedMain] No active profile set, falling back to default profiles: default
2021-08-19 02:21:48,547 INFO o.s.b.w.e.t.TomcatWebServer [restartedMain] Tomcat initialized with port(s): 8080 (http)
2021-08-19 02:21:48,548 INFO o.a.j.l.DirectJDKLog [restartedMain] Initializing ProtocolHandler ["http-nio-8080"]
2021-08-19 02:21:48,548 INFO o.a.j.l.DirectJDKLog [restartedMain] Starting service [Tomcat]
2021-08-19 02:21:48,548 INFO o.a.j.l.DirectJDKLog [restartedMain] Starting Servlet engine: [Apache Tomcat/9.0.48]
2021-08-19 02:21:48,562 INFO o.a.j.l.DirectJDKLog [restartedMain] Initializing Spring embedded WebApplicationContext
2021-08-19 02:21:48,562 INFO o.s.b.w.s.c.ServletWebServerApplicationContext [restartedMain] Root WebApplicationContext: initialization completed in 124 ms
2021-08-19 02:21:48,602 INFO o.s.b.d.a.OptionalLiveReloadServer [restartedMain] LiveReload server is running on port 35729
2021-08-19 02:21:48,604 INFO o.s.b.a.e.w.EndpointLinksResolver [restartedMain] Exposing 1 endpoint(s) beneath base path '/actuator'
2021-08-19 02:21:48,610 INFO o.a.j.l.DirectJDKLog [restartedMain] Starting ProtocolHandler ["http-nio-8080"]
2021-08-19 02:21:48,611 INFO o.s.b.w.e.t.TomcatWebServer [restartedMain] Tomcat started on port(s): 8080 (http) with context path ''
2021-08-19 02:21:48,614 INFO o.s.b.StartupInfoLogger [restartedMain] Started SafetynetalertsApplication in 0.193 seconds (JVM running for 2840.625)
2021-08-19 02:21:48,619 INFO o.s.b.d.a.ConditionEvaluationDeltaLoggingListener [restartedMain] Condition evaluation unchanged
2021-08-19 02:21:50,039 INFO o.a.j.l.DirectJDKLog [http-nio-8080-exec-2] Initializing Spring DispatcherServlet 'dispatcherServlet'
2021-08-19 02:21:50,039 INFO o.s.w.s.FrameworkServlet [http-nio-8080-exec-2] Initializing Servlet 'dispatcherServlet'
2021-08-19 02:21:50,040 INFO o.s.w.s.FrameworkServlet [http-nio-8080-exec-2] Completed initialization in 0 ms
2021-08-19 02:21:50,040 TRACE c.n.s.f.LoggingFilter [http-nio-8080-exec-2] URL : http://localhost:8080/personInfo, Method : GET
2021-08-19 02:21:50,047 TRACE c.n.s.f.LoggingFilter [http-nio-8080-exec-2] Status : 200
2021-08-19 02:24:25,860 INFO o.s.b.StartupInfoLogger [restartedMain] Starting SafetynetalertsApplication using Java 15.0.2 on DESKTOP-VK58OBN with PID 520 (S:\Shinigames_i\Formation Java\OCP5NG\safetynetalerts\target\classes started by Shinigames_i in S:\Shinigames_i\Formation Java\OCP5NG\safetynetalerts)
2021-08-19 02:24:25,861 DEBUG o.s.b.StartupInfoLogger [restartedMain] Running with Spring Boot v2.5.2, Spring v5.3.8
2021-08-19 02:24:25,861 INFO o.s.b.SpringApplication [restartedMain] No active profile set, falling back to default profiles: default
2021-08-19 02:24:25,963 INFO o.s.b.w.e.t.TomcatWebServer [restartedMain] Tomcat initialized with port(s): 8080 (http)
2021-08-19 02:24:25,963 INFO o.a.j.l.DirectJDKLog [restartedMain] Initializing ProtocolHandler ["http-nio-8080"]
2021-08-19 02:24:25,964 INFO o.a.j.l.DirectJDKLog [restartedMain] Starting service [Tomcat]
2021-08-19 02:24:25,964 INFO o.a.j.l.DirectJDKLog [restartedMain] Starting Servlet engine: [Apache Tomcat/9.0.48]
2021-08-19 02:24:25,973 INFO o.a.j.l.DirectJDKLog [restartedMain] Initializing Spring embedded WebApplicationContext
2021-08-19 02:24:25,973 INFO o.s.b.w.s.c.ServletWebServerApplicationContext [restartedMain] Root WebApplicationContext: initialization completed in 111 ms
2021-08-19 02:24:26,013 INFO o.s.b.d.a.OptionalLiveReloadServer [restartedMain] LiveReload server is running on port 35729
2021-08-19 02:24:26,014 INFO o.s.b.a.e.w.EndpointLinksResolver [restartedMain] Exposing 1 endpoint(s) beneath base path '/actuator'
2021-08-19 02:24:26,016 INFO o.a.j.l.DirectJDKLog [restartedMain] Starting ProtocolHandler ["http-nio-8080"]
2021-08-19 02:24:26,018 INFO o.s.b.w.e.t.TomcatWebServer [restartedMain] Tomcat started on port(s): 8080 (http) with context path ''
2021-08-19 02:24:26,022 INFO o.s.b.StartupInfoLogger [restartedMain] Started SafetynetalertsApplication in 0.177 seconds (JVM running for 2998.034)
2021-08-19 02:24:26,028 INFO o.s.b.d.a.ConditionEvaluationDeltaLoggingListener [restartedMain] Condition evaluation unchanged
2021-08-19 02:24:45,892 INFO o.s.b.StartupInfoLogger [restartedMain] Starting SafetynetalertsApplication using Java 15.0.2 on DESKTOP-VK58OBN with PID 520 (S:\Shinigames_i\Formation Java\OCP5NG\safetynetalerts\target\classes started by Shinigames_i in S:\Shinigames_i\Formation Java\OCP5NG\safetynetalerts)
2021-08-19 02:24:45,892 DEBUG o.s.b.StartupInfoLogger [restartedMain] Running with Spring Boot v2.5.2, Spring v5.3.8
2021-08-19 02:24:45,892 INFO o.s.b.SpringApplication [restartedMain] No active profile set, falling back to default profiles: default
2021-08-19 02:24:45,998 INFO o.s.b.w.e.t.TomcatWebServer [restartedMain] Tomcat initialized with port(s): 8080 (http)
2021-08-19 02:24:45,998 INFO o.a.j.l.DirectJDKLog [restartedMain] Initializing ProtocolHandler ["http-nio-8080"]
2021-08-19 02:24:45,998 INFO o.a.j.l.DirectJDKLog [restartedMain] Starting service [Tomcat]
2021-08-19 02:24:45,998 INFO o.a.j.l.DirectJDKLog [restartedMain] Starting Servlet engine: [Apache Tomcat/9.0.48]
2021-08-19 02:24:46,008 INFO o.a.j.l.DirectJDKLog [restartedMain] Initializing Spring embedded WebApplicationContext
2021-08-19 02:24:46,008 INFO o.s.b.w.s.c.ServletWebServerApplicationContext [restartedMain] Root WebApplicationContext: initialization completed in 115 ms
2021-08-19 02:24:46,046 INFO o.s.b.d.a.OptionalLiveReloadServer [restartedMain] LiveReload server is running on port 35729
2021-08-19 02:24:46,047 INFO o.s.b.a.e.w.EndpointLinksResolver [restartedMain] Exposing 1 endpoint(s) beneath base path '/actuator'
2021-08-19 02:24:46,050 INFO o.a.j.l.DirectJDKLog [restartedMain] Starting ProtocolHandler ["http-nio-8080"]
2021-08-19 02:24:46,055 INFO o.s.b.w.e.t.TomcatWebServer [restartedMain] Tomcat started on port(s): 8080 (http) with context path ''
2021-08-19 02:24:46,058 INFO o.s.b.StartupInfoLogger [restartedMain] Started SafetynetalertsApplication in 0.185 seconds (JVM running for 3018.07)
2021-08-19 02:24:46,065 INFO o.s.b.d.a.ConditionEvaluationDeltaLoggingListener [restartedMain] Condition evaluation unchanged
2021-08-19 02:25:22,246 INFO o.s.b.StartupInfoLogger [restartedMain] Starting SafetynetalertsApplication using Java 15.0.2 on DESKTOP-VK58OBN with PID 520 (S:\Shinigames_i\Formation Java\OCP5NG\safetynetalerts\target\classes started by Shinigames_i in S:\Shinigames_i\Formation Java\OCP5NG\safetynetalerts)
2021-08-19 02:25:22,246 DEBUG o.s.b.StartupInfoLogger [restartedMain] Running with Spring Boot v2.5.2, Spring v5.3.8
2021-08-19 02:25:22,246 INFO o.s.b.SpringApplication [restartedMain] No active profile set, falling back to default profiles: default
2021-08-19 02:25:22,350 INFO o.s.b.w.e.t.TomcatWebServer [restartedMain] Tomcat initialized with port(s): 8080 (http)
2021-08-19 02:25:22,350 INFO o.a.j.l.DirectJDKLog [restartedMain] Initializing ProtocolHandler ["http-nio-8080"]
2021-08-19 02:25:22,350 INFO o.a.j.l.DirectJDKLog [restartedMain] Starting service [Tomcat]
2021-08-19 02:25:22,351 INFO o.a.j.l.DirectJDKLog [restartedMain] Starting Servlet engine: [Apache Tomcat/9.0.48]
2021-08-19 02:25:22,360 INFO o.a.j.l.DirectJDKLog [restartedMain] Initializing Spring embedded WebApplicationContext
2021-08-19 02:25:22,360 INFO o.s.b.w.s.c.ServletWebServerApplicationContext [restartedMain] Root WebApplicationContext: initialization completed in 113 ms
2021-08-19 02:25:22,401 INFO o.s.b.d.a.OptionalLiveReloadServer [restartedMain] LiveReload server is running on port 35729
2021-08-19 02:25:22,402 INFO o.s.b.a.e.w.EndpointLinksResolver [restartedMain] Exposing 1 endpoint(s) beneath base path '/actuator'
2021-08-19 02:25:22,405 INFO o.a.j.l.DirectJDKLog [restartedMain] Starting ProtocolHandler ["http-nio-8080"]
2021-08-19 02:25:22,406 INFO o.s.b.w.e.t.TomcatWebServer [restartedMain] Tomcat started on port(s): 8080 (http) with context path ''
2021-08-19 02:25:22,409 INFO o.s.b.StartupInfoLogger [restartedMain] Started SafetynetalertsApplication in 0.179 seconds (JVM running for 3054.421)
2021-08-19 02:25:22,414 INFO o.s.b.d.a.ConditionEvaluationDeltaLoggingListener [restartedMain] Condition evaluation unchanged
